<?xml version="1.0" encoding="UTF-8"?>
<testsuite xmlns:xsi="http://www.w3.org/2001/XMLSchema-instance" xsi:noNamespaceSchemaLocation="https://maven.apache.org/surefire/maven-surefire-plugin/xsd/surefire-test-report.xsd" name="com.example.AppTest" time="1.241" tests="300" errors="0" skipped="0" failures="0">
  <properties>
[...]
</properties>
  <testcase name="testPasswordHasAtLeastOneLetter" classname="com.example.AppTest" time="0.011"/>
  <testcase name="testPasswordHasAtLeastOneLetter" classname="com.example.AppTest" time="0"/>
  <testcase name="testPasswordHasAtLeastOneLetter" classname="com.example.AppTest" time="0"/>
  <testcase name="testPasswordHasAtLeastOneLetter" classname="com.example.AppTest" time="0"/>
  <testcase name="testPasswordHasAtLeastOneLetter" classname="com.example.AppTest" time="0"/>
  <testcase name="testPasswordHasAtLeastOneLetter" classname="com.example.AppTest" time="0"/>
  <testcase name="testPasswordHasAtLeastOneLetter" classname="com.example.AppTest" time="0"/>
  <testcase name="testPasswordHasAtLeastOneLetter" classname="com.example.AppTest" time="0.001"/>
  <testcase name="testPasswordHasAtLeastOneLetter" classname="com.example.AppTest" time="0.001"/>
  <testcase name="testPasswordHasAtLeastOneLetter" classname="com.example.AppTest" time="0"/>
  <testcase name="testPasswordHasAtLeastOneLetter" classname="com.example.AppTest" time="0"/>
  <testcase name="testPasswordHasAtLeastOneLetter" classname="com.example.AppTest" time="0"/>
  <testcase name="testPasswordHasAtLeastOneLetter" classname="com.example.AppTest" time="0.001"/>
  <testcase name="testPasswordHasAtLeastOneLetter" classname="com.example.AppTest" time="0"/>
  <testcase name="testPasswordHasAtLeastOneLetter" classname="com.example.AppTest" time="0.001"/>
  <testcase name="testPasswordHasAtLeastOneLetter" classname="com.example.AppTest" time="0.003"/>
  <testcase name="testPasswordHasAtLeastOneLetter" classname="com.example.AppTest" time="0.001"/>
  <testcase name="testPasswordHasAtLeastOneLetter" classname="com.example.AppTest" time="0"/>
  <testcase name="testPasswordHasAtLeastOneLetter" classname="com.example.AppTest" time="0"/>
  <testcase name="testPasswordHasAtLeastOneLetter" classname="com.example.AppTest" time="0.001"/>
  <testcase name="testPasswordHasAtLeastOneLetter" classname="com.example.AppTest" time="0.001"/>
  <testcase name="testPasswordHasAtLeastOneLetter" classname="com.example.AppTest" time="0.001"/>
  <testcase name="testPasswordHasAtLeastOneLetter" classname="com.example.AppTest" time="0"/>
  <testcase name="testPasswordHasAtLeastOneLetter" classname="com.example.AppTest" time="0"/>
  <testcase name="testPasswordHasAtLeastOneLetter" classname="com.example.AppTest" time="0"/>
  <testcase name="testPasswordHasAtLeastOneLetter" classname="com.example.AppTest" time="0"/>
  <testcase name="testPasswordHasAtLeastOneLetter" classname="com.example.AppTest" time="0"/>
  <testcase name="testPasswordHasAtLeastOneLetter" classname="com.example.AppTest" time="0"/>
  <testcase name="testPasswordHasAtLeastOneLetter" classname="com.example.AppTest" time="0.001"/>
  <testcase name="testPasswordHasAtLeastOneLetter" classname="com.example.AppTest" time="0"/>
  <testcase name="testPasswordHasAtLeastOneLetter" classname="com.example.AppTest" time="0"/>
  <testcase name="testPasswordHasAtLeastOneLetter" classname="com.example.AppTest" time="0"/>
  <testcase name="testPasswordHasAtLeastOneLetter" classname="com.example.AppTest" time="0"/>
  <testcase name="testPasswordHasAtLeastOneLetter" classname="com.example.AppTest" time="0.001"/>
  <testcase name="testPasswordHasAtLeastOneLetter" classname="com.example.AppTest" time="0"/>
  <testcase name="testPasswordHasAtLeastOneLetter" classname="com.example.AppTest" time="0"/>
  <testcase name="testPasswordHasAtLeastOneLetter" classname="com.example.AppTest" time="0"/>
  <testcase name="testPasswordHasAtLeastOneLetter" classname="com.example.AppTest" time="0"/>
  <testcase name="testPasswordHasAtLeastOneLetter" classname="com.example.AppTest" time="0"/>
  <testcase name="testPasswordHasAtLeastOneLetter" classname="com.example.AppTest" time="0"/>
  <testcase name="testPasswordHasAtLeastOneLetter" classname="com.example.AppTest" time="0"/>
  <testcase name="testPasswordHasAtLeastOneLetter" classname="com.example.AppTest" time="0.001"/>
  <testcase name="testPasswordHasAtLeastOneLetter" classname="com.example.AppTest" time="0"/>
  <testcase name="testPasswordHasAtLeastOneLetter" classname="com.example.AppTest" time="0"/>
  <testcase name="testPasswordHasAtLeastOneLetter" classname="com.example.AppTest" time="0"/>
  <testcase name="testPasswordHasAtLeastOneLetter" classname="com.example.AppTest" time="0.001"/>
  <testcase name="testPasswordHasAtLeastOneLetter" classname="com.example.AppTest" time="0"/>
  <testcase name="testPasswordHasAtLeastOneLetter" classname="com.example.AppTest" time="0"/>
  <testcase name="testPasswordHasAtLeastOneLetter" classname="com.example.AppTest" time="0.001"/>
  <testcase name="testPasswordHasAtLeastOneLetter" classname="com.example.AppTest" time="0"/>
  <testcase name="testPasswordHasAtLeastOneLetter" classname="com.example.AppTest" time="0"/>
  <testcase name="testPasswordHasAtLeastOneLetter" classname="com.example.AppTest" time="0"/>
  <testcase name="testPasswordHasAtLeastOneLetter" classname="com.example.AppTest" time="0"/>
  <testcase name="testPasswordHasAtLeastOneLetter" classname="com.example.AppTest" time="0.001"/>
  <testcase name="testPasswordHasAtLeastOneLetter" classname="com.example.AppTest" time="0"/>
  <testcase name="testPasswordHasAtLeastOneLetter" classname="com.example.AppTest" time="0"/>
  <testcase name="testPasswordHasAtLeastOneLetter" classname="com.example.AppTest" time="0.001"/>
  <testcase name="testPasswordHasAtLeastOneLetter" classname="com.example.AppTest" time="0"/>
  <testcase name="testPasswordHasAtLeastOneLetter" classname="com.example.AppTest" time="0.001"/>
  <testcase name="testPasswordHasAtLeastOneLetter" classname="com.example.AppTest" time="0"/>
  <testcase name="testPasswordHasAtLeastOneLetter" classname="com.example.AppTest" time="0"/>
  <testcase name="testPasswordHasAtLeastOneLetter" classname="com.example.AppTest" time="0.001"/>
  <testcase name="testPasswordHasAtLeastOneLetter" classname="com.example.AppTest" time="0"/>
  <testcase name="testPasswordHasAtLeastOneLetter" classname="com.example.AppTest" time="0"/>
  <testcase name="testPasswordHasAtLeastOneLetter" classname="com.example.AppTest" time="0.001"/>
  <testcase name="testPasswordHasAtLeastOneLetter" classname="com.example.AppTest" time="0"/>
  <testcase name="testPasswordHasAtLeastOneLetter" classname="com.example.AppTest" time="0"/>
  <testcase name="testPasswordHasAtLeastOneLetter" classname="com.example.AppTest" time="0"/>
  <testcase name="testPasswordHasAtLeastOneLetter" classname="com.example.AppTest" time="0.001"/>
  <testcase name="testPasswordHasAtLeastOneLetter" classname="com.example.AppTest" time="0"/>
  <testcase name="testPasswordHasAtLeastOneLetter" classname="com.example.AppTest" time="0"/>
  <testcase name="testPasswordHasAtLeastOneLetter" classname="com.example.AppTest" time="0"/>
  <testcase name="testPasswordHasAtLeastOneLetter" classname="com.example.AppTest" time="0"/>
  <testcase name="testPasswordHasAtLeastOneLetter" classname="com.example.AppTest" time="0"/>
  <testcase name="testPasswordHasAtLeastOneLetter" classname="com.example.AppTest" time="0.001"/>
  <testcase name="testPasswordHasAtLeastOneLetter" classname="com.example.AppTest" time="0"/>
  <testcase name="testPasswordHasAtLeastOneLetter" classname="com.example.AppTest" time="0"/>
  <testcase name="testPasswordHasAtLeastOneLetter" classname="com.example.AppTest" time="0"/>
  <testcase name="testPasswordHasAtLeastOneLetter" classname="com.example.AppTest" time="0"/>
  <testcase name="testPasswordHasAtLeastOneLetter" classname="com.example.AppTest" time="0.001"/>
  <testcase name="testPasswordHasAtLeastOneLetter" classname="com.example.AppTest" time="0.001"/>
  <testcase name="testPasswordHasAtLeastOneLetter" classname="com.example.AppTest" time="0"/>
  <testcase name="testPasswordHasAtLeastOneLetter" classname="com.example.AppTest" time="0.001"/>
  <testcase name="testPasswordHasAtLeastOneLetter" classname="com.example.AppTest" time="0"/>
  <testcase name="testPasswordHasAtLeastOneLetter" classname="com.example.AppTest" time="0"/>
  <testcase name="testPasswordHasAtLeastOneLetter" classname="com.example.AppTest" time="0"/>
  <testcase name="testPasswordHasAtLeastOneLetter" classname="com.example.AppTest" time="0"/>
  <testcase name="testPasswordHasAtLeastOneLetter" classname="com.example.AppTest" time="0.001"/>
  <testcase name="testPasswordHasAtLeastOneLetter" classname="com.example.AppTest" time="0"/>
  <testcase name="testPasswordHasAtLeastOneLetter" classname="com.example.AppTest" time="0"/>
  <testcase name="testPasswordHasAtLeastOneLetter" classname="com.example.AppTest" time="0.001"/>
  <testcase name="testPasswordHasAtLeastOneLetter" classname="com.example.AppTest" time="0"/>
  <testcase name="testPasswordHasAtLeastOneLetter" classname="com.example.AppTest" time="0"/>
  <testcase name="testPasswordHasAtLeastOneLetter" classname="com.example.AppTest" time="0.001"/>
  <testcase name="testPasswordHasAtLeastOneLetter" classname="com.example.AppTest" time="0"/>
  <testcase name="testPasswordHasAtLeastOneLetter" classname="com.example.AppTest" time="0"/>
  <testcase name="testPasswordHasAtLeastOneLetter" classname="com.example.AppTest" time="0"/>
  <testcase name="testPasswordHasAtLeastOneLetter" classname="com.example.AppTest" time="0"/>
  <testcase name="testPasswordHasAtLeastOneLetter" classname="com.example.AppTest" time="0"/>
  <testcase name="testPasswordHasAtLeastOneLetter" classname="com.example.AppTest" time="0"/>
  <testcase name="testPasswordHasAtLeastTwoSpecialCharacters" classname="com.example.AppTest" time="0"/>
  <testcase name="testPasswordHasAtLeastTwoSpecialCharacters" classname="com.example.AppTest" time="0"/>
  <testcase name="testPasswordHasAtLeastTwoSpecialCharacters" classname="com.example.AppTest" time="0"/>
  <testcase name="testPasswordHasAtLeastTwoSpecialCharacters" classname="com.example.AppTest" time="0"/>
  <testcase name="testPasswordHasAtLeastTwoSpecialCharacters" classname="com.example.AppTest" time="0"/>
  <testcase name="testPasswordHasAtLeastTwoSpecialCharacters" classname="com.example.AppTest" time="0"/>
  <testcase name="testPasswordHasAtLeastTwoSpecialCharacters" classname="com.example.AppTest" time="0"/>
  <testcase name="testPasswordHasAtLeastTwoSpecialCharacters" classname="com.example.AppTest" time="0"/>
  <testcase name="testPasswordHasAtLeastTwoSpecialCharacters" classname="com.example.AppTest" time="0.001"/>
  <testcase name="testPasswordHasAtLeastTwoSpecialCharacters" classname="com.example.AppTest" time="0"/>
  <testcase name="testPasswordHasAtLeastTwoSpecialCharacters" classname="com.example.AppTest" time="0"/>
  <testcase name="testPasswordHasAtLeastTwoSpecialCharacters" classname="com.example.AppTest" time="0"/>
  <testcase name="testPasswordHasAtLeastTwoSpecialCharacters" classname="com.example.AppTest" time="0"/>
  <testcase name="testPasswordHasAtLeastTwoSpecialCharacters" classname="com.example.AppTest" time="0.002"/>
  <testcase name="testPasswordHasAtLeastTwoSpecialCharacters" classname="com.example.AppTest" time="0"/>
  <testcase name="testPasswordHasAtLeastTwoSpecialCharacters" classname="com.example.AppTest" time="0"/>
  <testcase name="testPasswordHasAtLeastTwoSpecialCharacters" classname="com.example.AppTest" time="0"/>
  <testcase name="testPasswordHasAtLeastTwoSpecialCharacters" classname="com.example.AppTest" time="0"/>
  <testcase name="testPasswordHasAtLeastTwoSpecialCharacters" classname="com.example.AppTest" time="0"/>
  <testcase name="testPasswordHasAtLeastTwoSpecialCharacters" classname="com.example.AppTest" time="0"/>
  <testcase name="testPasswordHasAtLeastTwoSpecialCharacters" classname="com.example.AppTest" time="0"/>
  <testcase name="testPasswordHasAtLeastTwoSpecialCharacters" classname="com.example.AppTest" time="0"/>
  <testcase name="testPasswordHasAtLeastTwoSpecialCharacters" classname="com.example.AppTest" time="0"/>
  <testcase name="testPasswordHasAtLeastTwoSpecialCharacters" classname="com.example.AppTest" time="0.001"/>
  <testcase name="testPasswordHasAtLeastTwoSpecialCharacters" classname="com.example.AppTest" time="0"/>
  <testcase name="testPasswordHasAtLeastTwoSpecialCharacters" classname="com.example.AppTest" time="0.001"/>
  <testcase name="testPasswordHasAtLeastTwoSpecialCharacters" classname="com.example.AppTest" time="0"/>
  <testcase name="testPasswordHasAtLeastTwoSpecialCharacters" classname="com.example.AppTest" time="0.001"/>
  <testcase name="testPasswordHasAtLeastTwoSpecialCharacters" classname="com.example.AppTest" time="0"/>
  <testcase name="testPasswordHasAtLeastTwoSpecialCharacters" classname="com.example.AppTest" time="0"/>
  <testcase name="testPasswordHasAtLeastTwoSpecialCharacters" classname="com.example.AppTest" time="0"/>
  <testcase name="testPasswordHasAtLeastTwoSpecialCharacters" classname="com.example.AppTest" time="0"/>
  <testcase name="testPasswordHasAtLeastTwoSpecialCharacters" classname="com.example.AppTest" time="0.001"/>
  <testcase name="testPasswordHasAtLeastTwoSpecialCharacters" classname="com.example.AppTest" time="0"/>
  <testcase name="testPasswordHasAtLeastTwoSpecialCharacters" classname="com.example.AppTest" time="0"/>
  <testcase name="testPasswordHasAtLeastTwoSpecialCharacters" classname="com.example.AppTest" time="0"/>
  <testcase name="testPasswordHasAtLeastTwoSpecialCharacters" classname="com.example.AppTest" time="0"/>
  <testcase name="testPasswordHasAtLeastTwoSpecialCharacters" classname="com.example.AppTest" time="0"/>
  <testcase name="testPasswordHasAtLeastTwoSpecialCharacters" classname="com.example.AppTest" time="0"/>
  <testcase name="testPasswordHasAtLeastTwoSpecialCharacters" classname="com.example.AppTest" time="0"/>
  <testcase name="testPasswordHasAtLeastTwoSpecialCharacters" classname="com.example.AppTest" time="0"/>
  <testcase name="testPasswordHasAtLeastTwoSpecialCharacters" classname="com.example.AppTest" time="0"/>
  <testcase name="testPasswordHasAtLeastTwoSpecialCharacters" classname="com.example.AppTest" time="0"/>
  <testcase name="testPasswordHasAtLeastTwoSpecialCharacters" classname="com.example.AppTest" time="0.001"/>
  <testcase name="testPasswordHasAtLeastTwoSpecialCharacters" classname="com.example.AppTest" time="0"/>
  <testcase name="testPasswordHasAtLeastTwoSpecialCharacters" classname="com.example.AppTest" time="0"/>
  <testcase name="testPasswordHasAtLeastTwoSpecialCharacters" classname="com.example.AppTest" time="0"/>
  <testcase name="testPasswordHasAtLeastTwoSpecialCharacters" classname="com.example.AppTest" time="0"/>
  <testcase name="testPasswordHasAtLeastTwoSpecialCharacters" classname="com.example.AppTest" time="0"/>
  <testcase name="testPasswordHasAtLeastTwoSpecialCharacters" classname="com.example.AppTest" time="0"/>
  <testcase name="testPasswordHasAtLeastTwoSpecialCharacters" classname="com.example.AppTest" time="0"/>
  <testcase name="testPasswordHasAtLeastTwoSpecialCharacters" classname="com.example.AppTest" time="0"/>
  <testcase name="testPasswordHasAtLeastTwoSpecialCharacters" classname="com.example.AppTest" time="0.001"/>
  <testcase name="testPasswordHasAtLeastTwoSpecialCharacters" classname="com.example.AppTest" time="0"/>
  <testcase name="testPasswordHasAtLeastTwoSpecialCharacters" classname="com.example.AppTest" time="0"/>
  <testcase name="testPasswordHasAtLeastTwoSpecialCharacters" classname="com.example.AppTest" time="0"/>
  <testcase name="testPasswordHasAtLeastTwoSpecialCharacters" classname="com.example.AppTest" time="0"/>
  <testcase name="testPasswordHasAtLeastTwoSpecialCharacters" classname="com.example.AppTest" time="0"/>
  <testcase name="testPasswordHasAtLeastTwoSpecialCharacters" classname="com.example.AppTest" time="0"/>
  <testcase name="testPasswordHasAtLeastTwoSpecialCharacters" classname="com.example.AppTest" time="0"/>
  <testcase name="testPasswordHasAtLeastTwoSpecialCharacters" classname="com.example.AppTest" time="0"/>
  <testcase name="testPasswordHasAtLeastTwoSpecialCharacters" classname="com.example.AppTest" time="0"/>
  <testcase name="testPasswordHasAtLeastTwoSpecialCharacters" classname="com.example.AppTest" time="0.001"/>
  <testcase name="testPasswordHasAtLeastTwoSpecialCharacters" classname="com.example.AppTest" time="0"/>
  <testcase name="testPasswordHasAtLeastTwoSpecialCharacters" classname="com.example.AppTest" time="0"/>
  <testcase name="testPasswordHasAtLeastTwoSpecialCharacters" classname="com.example.AppTest" time="0"/>
  <testcase name="testPasswordHasAtLeastTwoSpecialCharacters" classname="com.example.AppTest" time="0.001"/>
  <testcase name="testPasswordHasAtLeastTwoSpecialCharacters" classname="com.example.AppTest" time="0"/>
  <testcase name="testPasswordHasAtLeastTwoSpecialCharacters" classname="com.example.AppTest" time="0"/>
  <testcase name="testPasswordHasAtLeastTwoSpecialCharacters" classname="com.example.AppTest" time="0"/>
  <testcase name="testPasswordHasAtLeastTwoSpecialCharacters" classname="com.example.AppTest" time="0"/>
  <testcase name="testPasswordHasAtLeastTwoSpecialCharacters" classname="com.example.AppTest" time="0"/>
  <testcase name="testPasswordHasAtLeastTwoSpecialCharacters" classname="com.example.AppTest" time="0.001"/>
  <testcase name="testPasswordHasAtLeastTwoSpecialCharacters" classname="com.example.AppTest" time="0"/>
  <testcase name="testPasswordHasAtLeastTwoSpecialCharacters" classname="com.example.AppTest" time="0"/>
  <testcase name="testPasswordHasAtLeastTwoSpecialCharacters" classname="com.example.AppTest" time="0"/>
  <testcase name="testPasswordHasAtLeastTwoSpecialCharacters" classname="com.example.AppTest" time="0"/>
  <testcase name="testPasswordHasAtLeastTwoSpecialCharacters" classname="com.example.AppTest" time="0"/>
  <testcase name="testPasswordHasAtLeastTwoSpecialCharacters" classname="com.example.AppTest" time="0"/>
  <testcase name="testPasswordHasAtLeastTwoSpecialCharacters" classname="com.example.AppTest" time="0"/>
  <testcase name="testPasswordHasAtLeastTwoSpecialCharacters" classname="com.example.AppTest" time="0"/>
  <testcase name="testPasswordHasAtLeastTwoSpecialCharacters" classname="com.example.AppTest" time="0"/>
  <testcase name="testPasswordHasAtLeastTwoSpecialCharacters" classname="com.example.AppTest" time="0"/>
  <testcase name="testPasswordHasAtLeastTwoSpecialCharacters" classname="com.example.AppTest" time="0"/>
  <testcase name="testPasswordHasAtLeastTwoSpecialCharacters" classname="com.example.AppTest" time="0"/>
  <testcase name="testPasswordHasAtLeastTwoSpecialCharacters" classname="com.example.AppTest" time="0"/>
  <testcase name="testPasswordHasAtLeastTwoSpecialCharacters" classname="com.example.AppTest" time="0"/>
  <testcase name="testPasswordHasAtLeastTwoSpecialCharacters" classname="com.example.AppTest" time="0"/>
  <testcase name="testPasswordHasAtLeastTwoSpecialCharacters" classname="com.example.AppTest" time="0"/>
  <testcase name="testPasswordHasAtLeastTwoSpecialCharacters" classname="com.example.AppTest" time="0"/>
  <testcase name="testPasswordHasAtLeastTwoSpecialCharacters" classname="com.example.AppTest" time="0"/>
  <testcase name="testPasswordHasAtLeastTwoSpecialCharacters" classname="com.example.AppTest" time="0"/>
  <testcase name="testPasswordHasAtLeastTwoSpecialCharacters" classname="com.example.AppTest" time="0"/>
  <testcase name="testPasswordHasAtLeastTwoSpecialCharacters" classname="com.example.AppTest" time="0"/>
  <testcase name="testPasswordHasAtLeastTwoSpecialCharacters" classname="com.example.AppTest" time="0"/>
  <testcase name="testPasswordHasAtLeastTwoSpecialCharacters" classname="com.example.AppTest" time="0"/>
  <testcase name="testPasswordHasAtLeastTwoSpecialCharacters" classname="com.example.AppTest" time="0"/>
  <testcase name="testPasswordHasAtLeastTwoSpecialCharacters" classname="com.example.AppTest" time="0"/>
  <testcase name="testPasswordHasAtLeastTwoSpecialCharacters" classname="com.example.AppTest" time="0.001"/>
  <testcase name="testPasswordHasAtLeastTwoSpecialCharacters" classname="com.example.AppTest" time="0"/>
  <testcase name="testPasswordLengthIsTen" classname="com.example.AppTest" time="0"/>
  <testcase name="testPasswordLengthIsTen" classname="com.example.AppTest" time="0"/>
  <testcase name="testPasswordLengthIsTen" classname="com.example.AppTest" time="0"/>
  <testcase name="testPasswordLengthIsTen" classname="com.example.AppTest" time="0"/>
  <testcase name="testPasswordLengthIsTen" classname="com.example.AppTest" time="0"/>
  <testcase name="testPasswordLengthIsTen" classname="com.example.AppTest" time="0"/>
  <testcase name="testPasswordLengthIsTen" classname="com.example.AppTest" time="0.001"/>
  <testcase name="testPasswordLengthIsTen" classname="com.example.AppTest" time="0"/>
  <testcase name="testPasswordLengthIsTen" classname="com.example.AppTest" time="0"/>
  <testcase name="testPasswordLengthIsTen" classname="com.example.AppTest" time="0"/>
  <testcase name="testPasswordLengthIsTen" classname="com.example.AppTest" time="0.001"/>
  <testcase name="testPasswordLengthIsTen" classname="com.example.AppTest" time="0"/>
  <testcase name="testPasswordLengthIsTen" classname="com.example.AppTest" time="0.001"/>
  <testcase name="testPasswordLengthIsTen" classname="com.example.AppTest" time="0"/>
  <testcase name="testPasswordLengthIsTen" classname="com.example.AppTest" time="0"/>
  <testcase name="testPasswordLengthIsTen" classname="com.example.AppTest" time="0"/>
  <testcase name="testPasswordLengthIsTen" classname="com.example.AppTest" time="0"/>
  <testcase name="testPasswordLengthIsTen" classname="com.example.AppTest" time="0"/>
  <testcase name="testPasswordLengthIsTen" classname="com.example.AppTest" time="0"/>
  <testcase name="testPasswordLengthIsTen" classname="com.example.AppTest" time="0"/>
  <testcase name="testPasswordLengthIsTen" classname="com.example.AppTest" time="0"/>
  <testcase name="testPasswordLengthIsTen" classname="com.example.AppTest" time="0"/>
  <testcase name="testPasswordLengthIsTen" classname="com.example.AppTest" time="0"/>
  <testcase name="testPasswordLengthIsTen" classname="com.example.AppTest" time="0"/>
  <testcase name="testPasswordLengthIsTen" classname="com.example.AppTest" time="0"/>
  <testcase name="testPasswordLengthIsTen" classname="com.example.AppTest" time="0"/>
  <testcase name="testPasswordLengthIsTen" classname="com.example.AppTest" time="0"/>
  <testcase name="testPasswordLengthIsTen" classname="com.example.AppTest" time="0"/>
  <testcase name="testPasswordLengthIsTen" classname="com.example.AppTest" time="0"/>
  <testcase name="testPasswordLengthIsTen" classname="com.example.AppTest" time="0"/>
  <testcase name="testPasswordLengthIsTen" classname="com.example.AppTest" time="0.001"/>
  <testcase name="testPasswordLengthIsTen" classname="com.example.AppTest" time="0"/>
  <testcase name="testPasswordLengthIsTen" classname="com.example.AppTest" time="0"/>
  <testcase name="testPasswordLengthIsTen" classname="com.example.AppTest" time="0"/>
  <testcase name="testPasswordLengthIsTen" classname="com.example.AppTest" time="0"/>
  <testcase name="testPasswordLengthIsTen" classname="com.example.AppTest" time="0"/>
  <testcase name="testPasswordLengthIsTen" classname="com.example.AppTest" time="0.001"/>
  <testcase name="testPasswordLengthIsTen" classname="com.example.AppTest" time="0"/>
  <testcase name="testPasswordLengthIsTen" classname="com.example.AppTest" time="0"/>
  <testcase name="testPasswordLengthIsTen" classname="com.example.AppTest" time="0"/>
  <testcase name="testPasswordLengthIsTen" classname="com.example.AppTest" time="0"/>
  <testcase name="testPasswordLengthIsTen" classname="com.example.AppTest" time="0"/>
  <testcase name="testPasswordLengthIsTen" classname="com.example.AppTest" time="0.002"/>
  <testcase name="testPasswordLengthIsTen" classname="com.example.AppTest" time="0"/>
  <testcase name="testPasswordLengthIsTen" classname="com.example.AppTest" time="0"/>
  <testcase name="testPasswordLengthIsTen" classname="com.example.AppTest" time="0"/>
  <testcase name="testPasswordLengthIsTen" classname="com.example.AppTest" time="0"/>
  <testcase name="testPasswordLengthIsTen" classname="com.example.AppTest" time="0.001"/>
  <testcase name="testPasswordLengthIsTen" classname="com.example.AppTest" time="0"/>
  <testcase name="testPasswordLengthIsTen" classname="com.example.AppTest" time="0"/>
  <testcase name="testPasswordLengthIsTen" classname="com.example.AppTest" time="0"/>
  <testcase name="testPasswordLengthIsTen" classname="com.example.AppTest" time="0"/>
  <testcase name="testPasswordLengthIsTen" classname="com.example.AppTest" time="0"/>
  <testcase name="testPasswordLengthIsTen" classname="com.example.AppTest" time="0"/>
  <testcase name="testPasswordLengthIsTen" classname="com.example.AppTest" time="0"/>
  <testcase name="testPasswordLengthIsTen" classname="com.example.AppTest" time="0"/>
  <testcase name="testPasswordLengthIsTen" classname="com.example.AppTest" time="0.001"/>
  <testcase name="testPasswordLengthIsTen" classname="com.example.AppTest" time="0"/>
  <testcase name="testPasswordLengthIsTen" classname="com.example.AppTest" time="0"/>
  <testcase name="testPasswordLengthIsTen" classname="com.example.AppTest" time="0"/>
  <testcase name="testPasswordLengthIsTen" classname="com.example.AppTest" time="0"/>
  <testcase name="testPasswordLengthIsTen" classname="com.example.AppTest" time="0"/>
  <testcase name="testPasswordLengthIsTen" classname="com.example.AppTest" time="0.001"/>
  <testcase name="testPasswordLengthIsTen" classname="com.example.AppTest" time="0"/>
  <testcase name="testPasswordLengthIsTen" classname="com.example.AppTest" time="0"/>
  <testcase name="testPasswordLengthIsTen" classname="com.example.AppTest" time="0"/>
  <testcase name="testPasswordLengthIsTen" classname="com.example.AppTest" time="0.001"/>
  <testcase name="testPasswordLengthIsTen" classname="com.example.AppTest" time="0"/>
  <testcase name="testPasswordLengthIsTen" classname="com.example.AppTest" time="0"/>
  <testcase name="testPasswordLengthIsTen" classname="com.example.AppTest" time="0"/>
  <testcase name="testPasswordLengthIsTen" classname="com.example.AppTest" time="0.001"/>
  <testcase name="testPasswordLengthIsTen" classname="com.example.AppTest" time="0"/>
  <testcase name="testPasswordLengthIsTen" classname="com.example.AppTest" time="0"/>
  <testcase name="testPasswordLengthIsTen" classname="com.example.AppTest" time="0"/>
  <testcase name="testPasswordLengthIsTen" classname="com.example.AppTest" time="0"/>
  <testcase name="testPasswordLengthIsTen" classname="com.example.AppTest" time="0"/>
  <testcase name="testPasswordLengthIsTen" classname="com.example.AppTest" time="0"/>
  <testcase name="testPasswordLengthIsTen" classname="com.example.AppTest" time="0"/>
  <testcase name="testPasswordLengthIsTen" classname="com.example.AppTest" time="0"/>
  <testcase name="testPasswordLengthIsTen" classname="com.example.AppTest" time="0"/>
  <testcase name="testPasswordLengthIsTen" classname="com.example.AppTest" time="0"/>
  <testcase name="testPasswordLengthIsTen" classname="com.example.AppTest" time="0"/>
  <testcase name="testPasswordLengthIsTen" classname="com.example.AppTest" time="0"/>
  <testcase name="testPasswordLengthIsTen" classname="com.example.AppTest" time="0"/>
  <testcase name="testPasswordLengthIsTen" classname="com.example.AppTest" time="0"/>
  <testcase name="testPasswordLengthIsTen" classname="com.example.AppTest" time="0"/>
  <testcase name="testPasswordLengthIsTen" classname="com.example.AppTest" time="0"/>
  <testcase name="testPasswordLengthIsTen" classname="com.example.AppTest" time="0"/>
  <testcase name="testPasswordLengthIsTen" classname="com.example.AppTest" time="0.001"/>
  <testcase name="testPasswordLengthIsTen" classname="com.example.AppTest" time="0"/>
  <testcase name="testPasswordLengthIsTen" classname="com.example.AppTest" time="0"/>
  <testcase name="testPasswordLengthIsTen" classname="com.example.AppTest" time="0.001"/>
  <testcase name="testPasswordLengthIsTen" classname="com.example.AppTest" time="0"/>
  <testcase name="testPasswordLengthIsTen" classname="com.example.AppTest" time="0"/>
  <testcase name="testPasswordLengthIsTen" classname="com.example.AppTest" time="0"/>
  <testcase name="testPasswordLengthIsTen" classname="com.example.AppTest" time="0"/>
  <testcase name="testPasswordLengthIsTen" classname="com.example.AppTest" time="0"/>
  <testcase name="testPasswordLengthIsTen" classname="com.example.AppTest" time="0"/>
  <testcase name="testPasswordLengthIsTen" classname="com.example.AppTest" time="0"/>
  <testcase name="testPasswordLengthIsTen" classname="com.example.AppTest" time="0"/>
</testsuite>