<?xml version="1.0" encoding="UTF-8"?>
<testng-results skipped="0" failed="0" ignored="0" total="300" passed="300">
  <reporter-output>
  </reporter-output>
  <suite name="Surefire suite" duration-ms="187" started-at="2024-06-29T21:36:46Z" finished-at="2024-06-29T21:36:46Z">
    <groups>
    </groups>
    <test name="Surefire test" duration-ms="187" started-at="2024-06-29T21:36:46Z" finished-at="2024-06-29T21:36:46Z">
      <class name="com.example.AppTest">
        <test-method status="PASS" signature="setUp()[pri:0, instance:com.example.AppTest@2ff95fc6]" name="setUp" is-config="true" duration-ms="29" started-at="2024-06-29T21:36:46Z" finished-at="2024-06-29T21:36:46Z">
          <reporter-output>
          </reporter-output>
        </test-method> <!-- setUp -->
        <test-method status="PASS" signature="testPasswordHasAtLeastOneLetter()[pri:0, instance:com.example.AppTest@2ff95fc6]" name="testPasswordHasAtLeastOneLetter" duration-ms="9" started-at="2024-06-29T21:36:46Z" finished-at="2024-06-29T21:36:46Z">
          <reporter-output>
          </reporter-output>
        </test-method> <!-- testPasswordHasAtLeastOneLetter -->
        <test-method status="PASS" signature="testPasswordHasAtLeastOneLetter()[pri:0, instance:com.example.AppTest@2ff95fc6]" name="testPasswordHasAtLeastOneLetter" duration-ms="0" started-at="2024-06-29T21:36:46Z" finished-at="2024-06-29T21:36:46Z">
          <reporter-output>
          </reporter-output>
        </test-method> <!-- testPasswordHasAtLeastOneLetter -->
        <test-method status="PASS" signature="testPasswordHasAtLeastOneLetter()[pri:0, instance:com.example.AppTest@2ff95fc6]" name="testPasswordHasAtLeastOneLetter" duration-ms="0" started-at="2024-06-29T21:36:46Z" finished-at="2024-06-29T21:36:46Z">
          <reporter-output>
          </reporter-output>
        </test-method> <!-- testPasswordHasAtLeastOneLetter -->
        <test-method status="PASS" signature="testPasswordHasAtLeastOneLetter()[pri:0, instance:com.example.AppTest@2ff95fc6]" name="testPasswordHasAtLeastOneLetter" duration-ms="0" started-at="2024-06-29T21:36:46Z" finished-at="2024-06-29T21:36:46Z">
          <reporter-output>
          </reporter-output>
        </test-method> <!-- testPasswordHasAtLeastOneLetter -->
        <test-method status="PASS" signature="testPasswordHasAtLeastOneLetter()[pri:0, instance:com.example.AppTest@2ff95fc6]" name="testPasswordHasAtLeastOneLetter" duration-ms="0" started-at="2024-06-29T21:36:46Z" finished-at="2024-06-29T21:36:46Z">
          <reporter-output>
          </reporter-output>
        </test-method> <!-- testPasswordHasAtLeastOneLetter -->
        <test-method status="PASS" signature="testPasswordHasAtLeastOneLetter()[pri:0, instance:com.example.AppTest@2ff95fc6]" name="testPasswordHasAtLeastOneLetter" duration-ms="1" started-at="2024-06-29T21:36:46Z" finished-at="2024-06-29T21:36:46Z">
          <reporter-output>
          </reporter-output>
        </test-method> <!-- testPasswordHasAtLeastOneLetter -->
        <test-method status="PASS" signature="testPasswordHasAtLeastOneLetter()[pri:0, instance:com.example.AppTest@2ff95fc6]" name="testPasswordHasAtLeastOneLetter" duration-ms="0" started-at="2024-06-29T21:36:46Z" finished-at="2024-06-29T21:36:46Z">
          <reporter-output>
          </reporter-output>
        </test-method> <!-- testPasswordHasAtLeastOneLetter -->
        <test-method status="PASS" signature="testPasswordHasAtLeastOneLetter()[pri:0, instance:com.example.AppTest@2ff95fc6]" name="testPasswordHasAtLeastOneLetter" duration-ms="0" started-at="2024-06-29T21:36:46Z" finished-at="2024-06-29T21:36:46Z">
          <reporter-output>
          </reporter-output>
        </test-method> <!-- testPasswordHasAtLeastOneLetter -->
        <test-method status="PASS" signature="testPasswordHasAtLeastOneLetter()[pri:0, instance:com.example.AppTest@2ff95fc6]" name="testPasswordHasAtLeastOneLetter" duration-ms="0" started-at="2024-06-29T21:36:46Z" finished-at="2024-06-29T21:36:46Z">
          <reporter-output>
          </reporter-output>
        </test-method> <!-- testPasswordHasAtLeastOneLetter -->
        <test-method status="PASS" signature="testPasswordHasAtLeastOneLetter()[pri:0, instance:com.example.AppTest@2ff95fc6]" name="testPasswordHasAtLeastOneLetter" duration-ms="0" started-at="2024-06-29T21:36:46Z" finished-at="2024-06-29T21:36:46Z">
          <reporter-output>
          </reporter-output>
        </test-method> <!-- testPasswordHasAtLeastOneLetter -->
        <test-method status="PASS" signature="testPasswordHasAtLeastOneLetter()[pri:0, instance:com.example.AppTest@2ff95fc6]" name="testPasswordHasAtLeastOneLetter" duration-ms="0" started-at="2024-06-29T21:36:46Z" finished-at="2024-06-29T21:36:46Z">
          <reporter-output>
          </reporter-output>
        </test-method> <!-- testPasswordHasAtLeastOneLetter -->
        <test-method status="PASS" signature="testPasswordHasAtLeastOneLetter()[pri:0, instance:com.example.AppTest@2ff95fc6]" name="testPasswordHasAtLeastOneLetter" duration-ms="0" started-at="2024-06-29T21:36:46Z" finished-at="2024-06-29T21:36:46Z">
          <reporter-output>
          </reporter-output>
        </test-method> <!-- testPasswordHasAtLeastOneLetter -->
        <test-method status="PASS" signature="testPasswordHasAtLeastOneLetter()[pri:0, instance:com.example.AppTest@2ff95fc6]" name="testPasswordHasAtLeastOneLetter" duration-ms="0" started-at="2024-06-29T21:36:46Z" finished-at="2024-06-29T21:36:46Z">
          <reporter-output>
          </reporter-output>
        </test-method> <!-- testPasswordHasAtLeastOneLetter -->
        <test-method status="PASS" signature="testPasswordHasAtLeastOneLetter()[pri:0, instance:com.example.AppTest@2ff95fc6]" name="testPasswordHasAtLeastOneLetter" duration-ms="1" started-at="2024-06-29T21:36:46Z" finished-at="2024-06-29T21:36:46Z">
          <reporter-output>
          </reporter-output>
        </test-method> <!-- testPasswordHasAtLeastOneLetter -->
        <test-method status="PASS" signature="testPasswordHasAtLeastOneLetter()[pri:0, instance:com.example.AppTest@2ff95fc6]" name="testPasswordHasAtLeastOneLetter" duration-ms="0" started-at="2024-06-29T21:36:46Z" finished-at="2024-06-29T21:36:46Z">
          <reporter-output>
          </reporter-output>
        </test-method> <!-- testPasswordHasAtLeastOneLetter -->
        <test-method status="PASS" signature="testPasswordHasAtLeastOneLetter()[pri:0, instance:com.example.AppTest@2ff95fc6]" name="testPasswordHasAtLeastOneLetter" duration-ms="3" started-at="2024-06-29T21:36:46Z" finished-at="2024-06-29T21:36:46Z">
          <reporter-output>
          </reporter-output>
        </test-method> <!-- testPasswordHasAtLeastOneLetter -->
        <test-method status="PASS" signature="testPasswordHasAtLeastOneLetter()[pri:0, instance:com.example.AppTest@2ff95fc6]" name="testPasswordHasAtLeastOneLetter" duration-ms="0" started-at="2024-06-29T21:36:46Z" finished-at="2024-06-29T21:36:46Z">
          <reporter-output>
          </reporter-output>
        </test-method> <!-- testPasswordHasAtLeastOneLetter -->
        <test-method status="PASS" signature="testPasswordHasAtLeastOneLetter()[pri:0, instance:com.example.AppTest@2ff95fc6]" name="testPasswordHasAtLeastOneLetter" duration-ms="1" started-at="2024-06-29T21:36:46Z" finished-at="2024-06-29T21:36:46Z">
          <reporter-output>
          </reporter-output>
        </test-method> <!-- testPasswordHasAtLeastOneLetter -->
        <test-method status="PASS" signature="testPasswordHasAtLeastOneLetter()[pri:0, instance:com.example.AppTest@2ff95fc6]" name="testPasswordHasAtLeastOneLetter" duration-ms="0" started-at="2024-06-29T21:36:46Z" finished-at="2024-06-29T21:36:46Z">
          <reporter-output>
          </reporter-output>
        </test-method> <!-- testPasswordHasAtLeastOneLetter -->
        <test-method status="PASS" signature="testPasswordHasAtLeastOneLetter()[pri:0, instance:com.example.AppTest@2ff95fc6]" name="testPasswordHasAtLeastOneLetter" duration-ms="0" started-at="2024-06-29T21:36:46Z" finished-at="2024-06-29T21:36:46Z">
          <reporter-output>
          </reporter-output>
        </test-method> <!-- testPasswordHasAtLeastOneLetter -->
        <test-method status="PASS" signature="testPasswordHasAtLeastOneLetter()[pri:0, instance:com.example.AppTest@2ff95fc6]" name="testPasswordHasAtLeastOneLetter" duration-ms="1" started-at="2024-06-29T21:36:46Z" finished-at="2024-06-29T21:36:46Z">
          <reporter-output>
          </reporter-output>
        </test-method> <!-- testPasswordHasAtLeastOneLetter -->
        <test-method status="PASS" signature="testPasswordHasAtLeastOneLetter()[pri:0, instance:com.example.AppTest@2ff95fc6]" name="testPasswordHasAtLeastOneLetter" duration-ms="1" started-at="2024-06-29T21:36:46Z" finished-at="2024-06-29T21:36:46Z">
          <reporter-output>
          </reporter-output>
        </test-method> <!-- testPasswordHasAtLeastOneLetter -->
        <test-method status="PASS" signature="testPasswordHasAtLeastOneLetter()[pri:0, instance:com.example.AppTest@2ff95fc6]" name="testPasswordHasAtLeastOneLetter" duration-ms="0" started-at="2024-06-29T21:36:46Z" finished-at="2024-06-29T21:36:46Z">
          <reporter-output>
          </reporter-output>
        </test-method> <!-- testPasswordHasAtLeastOneLetter -->
        <test-method status="PASS" signature="testPasswordHasAtLeastOneLetter()[pri:0, instance:com.example.AppTest@2ff95fc6]" name="testPasswordHasAtLeastOneLetter" duration-ms="1" started-at="2024-06-29T21:36:46Z" finished-at="2024-06-29T21:36:46Z">
          <reporter-output>
          </reporter-output>
        </test-method> <!-- testPasswordHasAtLeastOneLetter -->
        <test-method status="PASS" signature="testPasswordHasAtLeastOneLetter()[pri:0, instance:com.example.AppTest@2ff95fc6]" name="testPasswordHasAtLeastOneLetter" duration-ms="0" started-at="2024-06-29T21:36:46Z" finished-at="2024-06-29T21:36:46Z">
          <reporter-output>
          </reporter-output>
        </test-method> <!-- testPasswordHasAtLeastOneLetter -->
        <test-method status="PASS" signature="testPasswordHasAtLeastOneLetter()[pri:0, instance:com.example.AppTest@2ff95fc6]" name="testPasswordHasAtLeastOneLetter" duration-ms="1" started-at="2024-06-29T21:36:46Z" finished-at="2024-06-29T21:36:46Z">
          <reporter-output>
          </reporter-output>
        </test-method> <!-- testPasswordHasAtLeastOneLetter -->
        <test-method status="PASS" signature="testPasswordHasAtLeastOneLetter()[pri:0, instance:com.example.AppTest@2ff95fc6]" name="testPasswordHasAtLeastOneLetter" duration-ms="0" started-at="2024-06-29T21:36:46Z" finished-at="2024-06-29T21:36:46Z">
          <reporter-output>
          </reporter-output>
        </test-method> <!-- testPasswordHasAtLeastOneLetter -->
        <test-method status="PASS" signature="testPasswordHasAtLeastOneLetter()[pri:0, instance:com.example.AppTest@2ff95fc6]" name="testPasswordHasAtLeastOneLetter" duration-ms="0" started-at="2024-06-29T21:36:46Z" finished-at="2024-06-29T21:36:46Z">
          <reporter-output>
          </reporter-output>
        </test-method> <!-- testPasswordHasAtLeastOneLetter -->
        <test-method status="PASS" signature="testPasswordHasAtLeastOneLetter()[pri:0, instance:com.example.AppTest@2ff95fc6]" name="testPasswordHasAtLeastOneLetter" duration-ms="1" started-at="2024-06-29T21:36:46Z" finished-at="2024-06-29T21:36:46Z">
          <reporter-output>
          </reporter-output>
        </test-method> <!-- testPasswordHasAtLeastOneLetter -->
        <test-method status="PASS" signature="testPasswordHasAtLeastOneLetter()[pri:0, instance:com.example.AppTest@2ff95fc6]" name="testPasswordHasAtLeastOneLetter" duration-ms="1" started-at="2024-06-29T21:36:46Z" finished-at="2024-06-29T21:36:46Z">
          <reporter-output>
          </reporter-output>
        </test-method> <!-- testPasswordHasAtLeastOneLetter -->
        <test-method status="PASS" signature="testPasswordHasAtLeastOneLetter()[pri:0, instance:com.example.AppTest@2ff95fc6]" name="testPasswordHasAtLeastOneLetter" duration-ms="0" started-at="2024-06-29T21:36:46Z" finished-at="2024-06-29T21:36:46Z">
          <reporter-output>
          </reporter-output>
        </test-method> <!-- testPasswordHasAtLeastOneLetter -->
        <test-method status="PASS" signature="testPasswordHasAtLeastOneLetter()[pri:0, instance:com.example.AppTest@2ff95fc6]" name="testPasswordHasAtLeastOneLetter" duration-ms="1" started-at="2024-06-29T21:36:46Z" finished-at="2024-06-29T21:36:46Z">
          <reporter-output>
          </reporter-output>
        </test-method> <!-- testPasswordHasAtLeastOneLetter -->
        <test-method status="PASS" signature="testPasswordHasAtLeastOneLetter()[pri:0, instance:com.example.AppTest@2ff95fc6]" name="testPasswordHasAtLeastOneLetter" duration-ms="0" started-at="2024-06-29T21:36:46Z" finished-at="2024-06-29T21:36:46Z">
          <reporter-output>
          </reporter-output>
        </test-method> <!-- testPasswordHasAtLeastOneLetter -->
        <test-method status="PASS" signature="testPasswordHasAtLeastOneLetter()[pri:0, instance:com.example.AppTest@2ff95fc6]" name="testPasswordHasAtLeastOneLetter" duration-ms="0" started-at="2024-06-29T21:36:46Z" finished-at="2024-06-29T21:36:46Z">
          <reporter-output>
          </reporter-output>
        </test-method> <!-- testPasswordHasAtLeastOneLetter -->
        <test-method status="PASS" signature="testPasswordHasAtLeastOneLetter()[pri:0, instance:com.example.AppTest@2ff95fc6]" name="testPasswordHasAtLeastOneLetter" duration-ms="0" started-at="2024-06-29T21:36:46Z" finished-at="2024-06-29T21:36:46Z">
          <reporter-output>
          </reporter-output>
        </test-method> <!-- testPasswordHasAtLeastOneLetter -->
        <test-method status="PASS" signature="testPasswordHasAtLeastOneLetter()[pri:0, instance:com.example.AppTest@2ff95fc6]" name="testPasswordHasAtLeastOneLetter" duration-ms="1" started-at="2024-06-29T21:36:46Z" finished-at="2024-06-29T21:36:46Z">
          <reporter-output>
          </reporter-output>
        </test-method> <!-- testPasswordHasAtLeastOneLetter -->
        <test-method status="PASS" signature="testPasswordHasAtLeastOneLetter()[pri:0, instance:com.example.AppTest@2ff95fc6]" name="testPasswordHasAtLeastOneLetter" duration-ms="0" started-at="2024-06-29T21:36:46Z" finished-at="2024-06-29T21:36:46Z">
          <reporter-output>
          </reporter-output>
        </test-method> <!-- testPasswordHasAtLeastOneLetter -->
        <test-method status="PASS" signature="testPasswordHasAtLeastOneLetter()[pri:0, instance:com.example.AppTest@2ff95fc6]" name="testPasswordHasAtLeastOneLetter" duration-ms="0" started-at="2024-06-29T21:36:46Z" finished-at="2024-06-29T21:36:46Z">
          <reporter-output>
          </reporter-output>
        </test-method> <!-- testPasswordHasAtLeastOneLetter -->
        <test-method status="PASS" signature="testPasswordHasAtLeastOneLetter()[pri:0, instance:com.example.AppTest@2ff95fc6]" name="testPasswordHasAtLeastOneLetter" duration-ms="0" started-at="2024-06-29T21:36:46Z" finished-at="2024-06-29T21:36:46Z">
          <reporter-output>
          </reporter-output>
        </test-method> <!-- testPasswordHasAtLeastOneLetter -->
        <test-method status="PASS" signature="testPasswordHasAtLeastOneLetter()[pri:0, instance:com.example.AppTest@2ff95fc6]" name="testPasswordHasAtLeastOneLetter" duration-ms="0" started-at="2024-06-29T21:36:46Z" finished-at="2024-06-29T21:36:46Z">
          <reporter-output>
          </reporter-output>
        </test-method> <!-- testPasswordHasAtLeastOneLetter -->
        <test-method status="PASS" signature="testPasswordHasAtLeastOneLetter()[pri:0, instance:com.example.AppTest@2ff95fc6]" name="testPasswordHasAtLeastOneLetter" duration-ms="0" started-at="2024-06-29T21:36:46Z" finished-at="2024-06-29T21:36:46Z">
          <reporter-output>
          </reporter-output>
        </test-method> <!-- testPasswordHasAtLeastOneLetter -->
        <test-method status="PASS" signature="testPasswordHasAtLeastOneLetter()[pri:0, instance:com.example.AppTest@2ff95fc6]" name="testPasswordHasAtLeastOneLetter" duration-ms="0" started-at="2024-06-29T21:36:46Z" finished-at="2024-06-29T21:36:46Z">
          <reporter-output>
          </reporter-output>
        </test-method> <!-- testPasswordHasAtLeastOneLetter -->
        <test-method status="PASS" signature="testPasswordHasAtLeastOneLetter()[pri:0, instance:com.example.AppTest@2ff95fc6]" name="testPasswordHasAtLeastOneLetter" duration-ms="0" started-at="2024-06-29T21:36:46Z" finished-at="2024-06-29T21:36:46Z">
          <reporter-output>
          </reporter-output>
        </test-method> <!-- testPasswordHasAtLeastOneLetter -->
        <test-method status="PASS" signature="testPasswordHasAtLeastOneLetter()[pri:0, instance:com.example.AppTest@2ff95fc6]" name="testPasswordHasAtLeastOneLetter" duration-ms="0" started-at="2024-06-29T21:36:46Z" finished-at="2024-06-29T21:36:46Z">
          <reporter-output>
          </reporter-output>
        </test-method> <!-- testPasswordHasAtLeastOneLetter -->
        <test-method status="PASS" signature="testPasswordHasAtLeastOneLetter()[pri:0, instance:com.example.AppTest@2ff95fc6]" name="testPasswordHasAtLeastOneLetter" duration-ms="0" started-at="2024-06-29T21:36:46Z" finished-at="2024-06-29T21:36:46Z">
          <reporter-output>
          </reporter-output>
        </test-method> <!-- testPasswordHasAtLeastOneLetter -->
        <test-method status="PASS" signature="testPasswordHasAtLeastOneLetter()[pri:0, instance:com.example.AppTest@2ff95fc6]" name="testPasswordHasAtLeastOneLetter" duration-ms="1" started-at="2024-06-29T21:36:46Z" finished-at="2024-06-29T21:36:46Z">
          <reporter-output>
          </reporter-output>
        </test-method> <!-- testPasswordHasAtLeastOneLetter -->
        <test-method status="PASS" signature="testPasswordHasAtLeastOneLetter()[pri:0, instance:com.example.AppTest@2ff95fc6]" name="testPasswordHasAtLeastOneLetter" duration-ms="1" started-at="2024-06-29T21:36:46Z" finished-at="2024-06-29T21:36:46Z">
          <reporter-output>
          </reporter-output>
        </test-method> <!-- testPasswordHasAtLeastOneLetter -->
        <test-method status="PASS" signature="testPasswordHasAtLeastOneLetter()[pri:0, instance:com.example.AppTest@2ff95fc6]" name="testPasswordHasAtLeastOneLetter" duration-ms="0" started-at="2024-06-29T21:36:46Z" finished-at="2024-06-29T21:36:46Z">
          <reporter-output>
          </reporter-output>
        </test-method> <!-- testPasswordHasAtLeastOneLetter -->
        <test-method status="PASS" signature="testPasswordHasAtLeastOneLetter()[pri:0, instance:com.example.AppTest@2ff95fc6]" name="testPasswordHasAtLeastOneLetter" duration-ms="1" started-at="2024-06-29T21:36:46Z" finished-at="2024-06-29T21:36:46Z">
          <reporter-output>
          </reporter-output>
        </test-method> <!-- testPasswordHasAtLeastOneLetter -->
        <test-method status="PASS" signature="testPasswordHasAtLeastOneLetter()[pri:0, instance:com.example.AppTest@2ff95fc6]" name="testPasswordHasAtLeastOneLetter" duration-ms="0" started-at="2024-06-29T21:36:46Z" finished-at="2024-06-29T21:36:46Z">
          <reporter-output>
          </reporter-output>
        </test-method> <!-- testPasswordHasAtLeastOneLetter -->
        <test-method status="PASS" signature="testPasswordHasAtLeastOneLetter()[pri:0, instance:com.example.AppTest@2ff95fc6]" name="testPasswordHasAtLeastOneLetter" duration-ms="1" started-at="2024-06-29T21:36:46Z" finished-at="2024-06-29T21:36:46Z">
          <reporter-output>
          </reporter-output>
        </test-method> <!-- testPasswordHasAtLeastOneLetter -->
        <test-method status="PASS" signature="testPasswordHasAtLeastOneLetter()[pri:0, instance:com.example.AppTest@2ff95fc6]" name="testPasswordHasAtLeastOneLetter" duration-ms="0" started-at="2024-06-29T21:36:46Z" finished-at="2024-06-29T21:36:46Z">
          <reporter-output>
          </reporter-output>
        </test-method> <!-- testPasswordHasAtLeastOneLetter -->
        <test-method status="PASS" signature="testPasswordHasAtLeastOneLetter()[pri:0, instance:com.example.AppTest@2ff95fc6]" name="testPasswordHasAtLeastOneLetter" duration-ms="1" started-at="2024-06-29T21:36:46Z" finished-at="2024-06-29T21:36:46Z">
          <reporter-output>
          </reporter-output>
        </test-method> <!-- testPasswordHasAtLeastOneLetter -->
        <test-method status="PASS" signature="testPasswordHasAtLeastOneLetter()[pri:0, instance:com.example.AppTest@2ff95fc6]" name="testPasswordHasAtLeastOneLetter" duration-ms="0" started-at="2024-06-29T21:36:46Z" finished-at="2024-06-29T21:36:46Z">
          <reporter-output>
          </reporter-output>
        </test-method> <!-- testPasswordHasAtLeastOneLetter -->
        <test-method status="PASS" signature="testPasswordHasAtLeastOneLetter()[pri:0, instance:com.example.AppTest@2ff95fc6]" name="testPasswordHasAtLeastOneLetter" duration-ms="0" started-at="2024-06-29T21:36:46Z" finished-at="2024-06-29T21:36:46Z">
          <reporter-output>
          </reporter-output>
        </test-method> <!-- testPasswordHasAtLeastOneLetter -->
        <test-method status="PASS" signature="testPasswordHasAtLeastOneLetter()[pri:0, instance:com.example.AppTest@2ff95fc6]" name="testPasswordHasAtLeastOneLetter" duration-ms="0" started-at="2024-06-29T21:36:46Z" finished-at="2024-06-29T21:36:46Z">
          <reporter-output>
          </reporter-output>
        </test-method> <!-- testPasswordHasAtLeastOneLetter -->
        <test-method status="PASS" signature="testPasswordHasAtLeastOneLetter()[pri:0, instance:com.example.AppTest@2ff95fc6]" name="testPasswordHasAtLeastOneLetter" duration-ms="0" started-at="2024-06-29T21:36:46Z" finished-at="2024-06-29T21:36:46Z">
          <reporter-output>
          </reporter-output>
        </test-method> <!-- testPasswordHasAtLeastOneLetter -->
        <test-method status="PASS" signature="testPasswordHasAtLeastOneLetter()[pri:0, instance:com.example.AppTest@2ff95fc6]" name="testPasswordHasAtLeastOneLetter" duration-ms="0" started-at="2024-06-29T21:36:46Z" finished-at="2024-06-29T21:36:46Z">
          <reporter-output>
          </reporter-output>
        </test-method> <!-- testPasswordHasAtLeastOneLetter -->
        <test-method status="PASS" signature="testPasswordHasAtLeastOneLetter()[pri:0, instance:com.example.AppTest@2ff95fc6]" name="testPasswordHasAtLeastOneLetter" duration-ms="0" started-at="2024-06-29T21:36:46Z" finished-at="2024-06-29T21:36:46Z">
          <reporter-output>
          </reporter-output>
        </test-method> <!-- testPasswordHasAtLeastOneLetter -->
        <test-method status="PASS" signature="testPasswordHasAtLeastOneLetter()[pri:0, instance:com.example.AppTest@2ff95fc6]" name="testPasswordHasAtLeastOneLetter" duration-ms="0" started-at="2024-06-29T21:36:46Z" finished-at="2024-06-29T21:36:46Z">
          <reporter-output>
          </reporter-output>
        </test-method> <!-- testPasswordHasAtLeastOneLetter -->
        <test-method status="PASS" signature="testPasswordHasAtLeastOneLetter()[pri:0, instance:com.example.AppTest@2ff95fc6]" name="testPasswordHasAtLeastOneLetter" duration-ms="0" started-at="2024-06-29T21:36:46Z" finished-at="2024-06-29T21:36:46Z">
          <reporter-output>
          </reporter-output>
        </test-method> <!-- testPasswordHasAtLeastOneLetter -->
        <test-method status="PASS" signature="testPasswordHasAtLeastOneLetter()[pri:0, instance:com.example.AppTest@2ff95fc6]" name="testPasswordHasAtLeastOneLetter" duration-ms="0" started-at="2024-06-29T21:36:46Z" finished-at="2024-06-29T21:36:46Z">
          <reporter-output>
          </reporter-output>
        </test-method> <!-- testPasswordHasAtLeastOneLetter -->
        <test-method status="PASS" signature="testPasswordHasAtLeastOneLetter()[pri:0, instance:com.example.AppTest@2ff95fc6]" name="testPasswordHasAtLeastOneLetter" duration-ms="0" started-at="2024-06-29T21:36:46Z" finished-at="2024-06-29T21:36:46Z">
          <reporter-output>
          </reporter-output>
        </test-method> <!-- testPasswordHasAtLeastOneLetter -->
        <test-method status="PASS" signature="testPasswordHasAtLeastOneLetter()[pri:0, instance:com.example.AppTest@2ff95fc6]" name="testPasswordHasAtLeastOneLetter" duration-ms="1" started-at="2024-06-29T21:36:46Z" finished-at="2024-06-29T21:36:46Z">
          <reporter-output>
          </reporter-output>
        </test-method> <!-- testPasswordHasAtLeastOneLetter -->
        <test-method status="PASS" signature="testPasswordHasAtLeastOneLetter()[pri:0, instance:com.example.AppTest@2ff95fc6]" name="testPasswordHasAtLeastOneLetter" duration-ms="0" started-at="2024-06-29T21:36:46Z" finished-at="2024-06-29T21:36:46Z">
          <reporter-output>
          </reporter-output>
        </test-method> <!-- testPasswordHasAtLeastOneLetter -->
        <test-method status="PASS" signature="testPasswordHasAtLeastOneLetter()[pri:0, instance:com.example.AppTest@2ff95fc6]" name="testPasswordHasAtLeastOneLetter" duration-ms="0" started-at="2024-06-29T21:36:46Z" finished-at="2024-06-29T21:36:46Z">
          <reporter-output>
          </reporter-output>
        </test-method> <!-- testPasswordHasAtLeastOneLetter -->
        <test-method status="PASS" signature="testPasswordHasAtLeastOneLetter()[pri:0, instance:com.example.AppTest@2ff95fc6]" name="testPasswordHasAtLeastOneLetter" duration-ms="0" started-at="2024-06-29T21:36:46Z" finished-at="2024-06-29T21:36:46Z">
          <reporter-output>
          </reporter-output>
        </test-method> <!-- testPasswordHasAtLeastOneLetter -->
        <test-method status="PASS" signature="testPasswordHasAtLeastOneLetter()[pri:0, instance:com.example.AppTest@2ff95fc6]" name="testPasswordHasAtLeastOneLetter" duration-ms="0" started-at="2024-06-29T21:36:46Z" finished-at="2024-06-29T21:36:46Z">
          <reporter-output>
          </reporter-output>
        </test-method> <!-- testPasswordHasAtLeastOneLetter -->
        <test-method status="PASS" signature="testPasswordHasAtLeastOneLetter()[pri:0, instance:com.example.AppTest@2ff95fc6]" name="testPasswordHasAtLeastOneLetter" duration-ms="0" started-at="2024-06-29T21:36:46Z" finished-at="2024-06-29T21:36:46Z">
          <reporter-output>
          </reporter-output>
        </test-method> <!-- testPasswordHasAtLeastOneLetter -->
        <test-method status="PASS" signature="testPasswordHasAtLeastOneLetter()[pri:0, instance:com.example.AppTest@2ff95fc6]" name="testPasswordHasAtLeastOneLetter" duration-ms="0" started-at="2024-06-29T21:36:46Z" finished-at="2024-06-29T21:36:46Z">
          <reporter-output>
          </reporter-output>
        </test-method> <!-- testPasswordHasAtLeastOneLetter -->
        <test-method status="PASS" signature="testPasswordHasAtLeastOneLetter()[pri:0, instance:com.example.AppTest@2ff95fc6]" name="testPasswordHasAtLeastOneLetter" duration-ms="0" started-at="2024-06-29T21:36:46Z" finished-at="2024-06-29T21:36:46Z">
          <reporter-output>
          </reporter-output>
        </test-method> <!-- testPasswordHasAtLeastOneLetter -->
        <test-method status="PASS" signature="testPasswordHasAtLeastOneLetter()[pri:0, instance:com.example.AppTest@2ff95fc6]" name="testPasswordHasAtLeastOneLetter" duration-ms="0" started-at="2024-06-29T21:36:46Z" finished-at="2024-06-29T21:36:46Z">
          <reporter-output>
          </reporter-output>
        </test-method> <!-- testPasswordHasAtLeastOneLetter -->
        <test-method status="PASS" signature="testPasswordHasAtLeastOneLetter()[pri:0, instance:com.example.AppTest@2ff95fc6]" name="testPasswordHasAtLeastOneLetter" duration-ms="1" started-at="2024-06-29T21:36:46Z" finished-at="2024-06-29T21:36:46Z">
          <reporter-output>
          </reporter-output>
        </test-method> <!-- testPasswordHasAtLeastOneLetter -->
        <test-method status="PASS" signature="testPasswordHasAtLeastOneLetter()[pri:0, instance:com.example.AppTest@2ff95fc6]" name="testPasswordHasAtLeastOneLetter" duration-ms="0" started-at="2024-06-29T21:36:46Z" finished-at="2024-06-29T21:36:46Z">
          <reporter-output>
          </reporter-output>
        </test-method> <!-- testPasswordHasAtLeastOneLetter -->
        <test-method status="PASS" signature="testPasswordHasAtLeastOneLetter()[pri:0, instance:com.example.AppTest@2ff95fc6]" name="testPasswordHasAtLeastOneLetter" duration-ms="1" started-at="2024-06-29T21:36:46Z" finished-at="2024-06-29T21:36:46Z">
          <reporter-output>
          </reporter-output>
        </test-method> <!-- testPasswordHasAtLeastOneLetter -->
        <test-method status="PASS" signature="testPasswordHasAtLeastOneLetter()[pri:0, instance:com.example.AppTest@2ff95fc6]" name="testPasswordHasAtLeastOneLetter" duration-ms="0" started-at="2024-06-29T21:36:46Z" finished-at="2024-06-29T21:36:46Z">
          <reporter-output>
          </reporter-output>
        </test-method> <!-- testPasswordHasAtLeastOneLetter -->
        <test-method status="PASS" signature="testPasswordHasAtLeastOneLetter()[pri:0, instance:com.example.AppTest@2ff95fc6]" name="testPasswordHasAtLeastOneLetter" duration-ms="0" started-at="2024-06-29T21:36:46Z" finished-at="2024-06-29T21:36:46Z">
          <reporter-output>
          </reporter-output>
        </test-method> <!-- testPasswordHasAtLeastOneLetter -->
        <test-method status="PASS" signature="testPasswordHasAtLeastOneLetter()[pri:0, instance:com.example.AppTest@2ff95fc6]" name="testPasswordHasAtLeastOneLetter" duration-ms="0" started-at="2024-06-29T21:36:46Z" finished-at="2024-06-29T21:36:46Z">
          <reporter-output>
          </reporter-output>
        </test-method> <!-- testPasswordHasAtLeastOneLetter -->
        <test-method status="PASS" signature="testPasswordHasAtLeastOneLetter()[pri:0, instance:com.example.AppTest@2ff95fc6]" name="testPasswordHasAtLeastOneLetter" duration-ms="0" started-at="2024-06-29T21:36:46Z" finished-at="2024-06-29T21:36:46Z">
          <reporter-output>
          </reporter-output>
        </test-method> <!-- testPasswordHasAtLeastOneLetter -->
        <test-method status="PASS" signature="testPasswordHasAtLeastOneLetter()[pri:0, instance:com.example.AppTest@2ff95fc6]" name="testPasswordHasAtLeastOneLetter" duration-ms="0" started-at="2024-06-29T21:36:46Z" finished-at="2024-06-29T21:36:46Z">
          <reporter-output>
          </reporter-output>
        </test-method> <!-- testPasswordHasAtLeastOneLetter -->
        <test-method status="PASS" signature="testPasswordHasAtLeastOneLetter()[pri:0, instance:com.example.AppTest@2ff95fc6]" name="testPasswordHasAtLeastOneLetter" duration-ms="0" started-at="2024-06-29T21:36:46Z" finished-at="2024-06-29T21:36:46Z">
          <reporter-output>
          </reporter-output>
        </test-method> <!-- testPasswordHasAtLeastOneLetter -->
        <test-method status="PASS" signature="testPasswordHasAtLeastOneLetter()[pri:0, instance:com.example.AppTest@2ff95fc6]" name="testPasswordHasAtLeastOneLetter" duration-ms="1" started-at="2024-06-29T21:36:46Z" finished-at="2024-06-29T21:36:46Z">
          <reporter-output>
          </reporter-output>
        </test-method> <!-- testPasswordHasAtLeastOneLetter -->
        <test-method status="PASS" signature="testPasswordHasAtLeastOneLetter()[pri:0, instance:com.example.AppTest@2ff95fc6]" name="testPasswordHasAtLeastOneLetter" duration-ms="0" started-at="2024-06-29T21:36:46Z" finished-at="2024-06-29T21:36:46Z">
          <reporter-output>
          </reporter-output>
        </test-method> <!-- testPasswordHasAtLeastOneLetter -->
        <test-method status="PASS" signature="testPasswordHasAtLeastOneLetter()[pri:0, instance:com.example.AppTest@2ff95fc6]" name="testPasswordHasAtLeastOneLetter" duration-ms="0" started-at="2024-06-29T21:36:46Z" finished-at="2024-06-29T21:36:46Z">
          <reporter-output>
          </reporter-output>
        </test-method> <!-- testPasswordHasAtLeastOneLetter -->
        <test-method status="PASS" signature="testPasswordHasAtLeastOneLetter()[pri:0, instance:com.example.AppTest@2ff95fc6]" name="testPasswordHasAtLeastOneLetter" duration-ms="0" started-at="2024-06-29T21:36:46Z" finished-at="2024-06-29T21:36:46Z">
          <reporter-output>
          </reporter-output>
        </test-method> <!-- testPasswordHasAtLeastOneLetter -->
        <test-method status="PASS" signature="testPasswordHasAtLeastOneLetter()[pri:0, instance:com.example.AppTest@2ff95fc6]" name="testPasswordHasAtLeastOneLetter" duration-ms="1" started-at="2024-06-29T21:36:46Z" finished-at="2024-06-29T21:36:46Z">
          <reporter-output>
          </reporter-output>
        </test-method> <!-- testPasswordHasAtLeastOneLetter -->
        <test-method status="PASS" signature="testPasswordHasAtLeastOneLetter()[pri:0, instance:com.example.AppTest@2ff95fc6]" name="testPasswordHasAtLeastOneLetter" duration-ms="0" started-at="2024-06-29T21:36:46Z" finished-at="2024-06-29T21:36:46Z">
          <reporter-output>
          </reporter-output>
        </test-method> <!-- testPasswordHasAtLeastOneLetter -->
        <test-method status="PASS" signature="testPasswordHasAtLeastOneLetter()[pri:0, instance:com.example.AppTest@2ff95fc6]" name="testPasswordHasAtLeastOneLetter" duration-ms="0" started-at="2024-06-29T21:36:46Z" finished-at="2024-06-29T21:36:46Z">
          <reporter-output>
          </reporter-output>
        </test-method> <!-- testPasswordHasAtLeastOneLetter -->
        <test-method status="PASS" signature="testPasswordHasAtLeastOneLetter()[pri:0, instance:com.example.AppTest@2ff95fc6]" name="testPasswordHasAtLeastOneLetter" duration-ms="1" started-at="2024-06-29T21:36:46Z" finished-at="2024-06-29T21:36:46Z">
          <reporter-output>
          </reporter-output>
        </test-method> <!-- testPasswordHasAtLeastOneLetter -->
        <test-method status="PASS" signature="testPasswordHasAtLeastOneLetter()[pri:0, instance:com.example.AppTest@2ff95fc6]" name="testPasswordHasAtLeastOneLetter" duration-ms="0" started-at="2024-06-29T21:36:46Z" finished-at="2024-06-29T21:36:46Z">
          <reporter-output>
          </reporter-output>
        </test-method> <!-- testPasswordHasAtLeastOneLetter -->
        <test-method status="PASS" signature="testPasswordHasAtLeastOneLetter()[pri:0, instance:com.example.AppTest@2ff95fc6]" name="testPasswordHasAtLeastOneLetter" duration-ms="0" started-at="2024-06-29T21:36:46Z" finished-at="2024-06-29T21:36:46Z">
          <reporter-output>
          </reporter-output>
        </test-method> <!-- testPasswordHasAtLeastOneLetter -->
        <test-method status="PASS" signature="testPasswordHasAtLeastOneLetter()[pri:0, instance:com.example.AppTest@2ff95fc6]" name="testPasswordHasAtLeastOneLetter" duration-ms="0" started-at="2024-06-29T21:36:46Z" finished-at="2024-06-29T21:36:46Z">
          <reporter-output>
          </reporter-output>
        </test-method> <!-- testPasswordHasAtLeastOneLetter -->
        <test-method status="PASS" signature="testPasswordHasAtLeastOneLetter()[pri:0, instance:com.example.AppTest@2ff95fc6]" name="testPasswordHasAtLeastOneLetter" duration-ms="0" started-at="2024-06-29T21:36:46Z" finished-at="2024-06-29T21:36:46Z">
          <reporter-output>
          </reporter-output>
        </test-method> <!-- testPasswordHasAtLeastOneLetter -->
        <test-method status="PASS" signature="testPasswordHasAtLeastOneLetter()[pri:0, instance:com.example.AppTest@2ff95fc6]" name="testPasswordHasAtLeastOneLetter" duration-ms="0" started-at="2024-06-29T21:36:46Z" finished-at="2024-06-29T21:36:46Z">
          <reporter-output>
          </reporter-output>
        </test-method> <!-- testPasswordHasAtLeastOneLetter -->
        <test-method status="PASS" signature="testPasswordHasAtLeastOneLetter()[pri:0, instance:com.example.AppTest@2ff95fc6]" name="testPasswordHasAtLeastOneLetter" duration-ms="0" started-at="2024-06-29T21:36:46Z" finished-at="2024-06-29T21:36:46Z">
          <reporter-output>
          </reporter-output>
        </test-method> <!-- testPasswordHasAtLeastOneLetter -->
        <test-method status="PASS" signature="testPasswordHasAtLeastOneLetter()[pri:0, instance:com.example.AppTest@2ff95fc6]" name="testPasswordHasAtLeastOneLetter" duration-ms="0" started-at="2024-06-29T21:36:46Z" finished-at="2024-06-29T21:36:46Z">
          <reporter-output>
          </reporter-output>
        </test-method> <!-- testPasswordHasAtLeastOneLetter -->
        <test-method status="PASS" signature="testPasswordHasAtLeastOneLetter()[pri:0, instance:com.example.AppTest@2ff95fc6]" name="testPasswordHasAtLeastOneLetter" duration-ms="0" started-at="2024-06-29T21:36:46Z" finished-at="2024-06-29T21:36:46Z">
          <reporter-output>
          </reporter-output>
        </test-method> <!-- testPasswordHasAtLeastOneLetter -->
        <test-method status="PASS" signature="testPasswordHasAtLeastTwoSpecialCharacters()[pri:0, instance:com.example.AppTest@2ff95fc6]" name="testPasswordHasAtLeastTwoSpecialCharacters" duration-ms="0" started-at="2024-06-29T21:36:46Z" finished-at="2024-06-29T21:36:46Z">
          <reporter-output>
          </reporter-output>
        </test-method> <!-- testPasswordHasAtLeastTwoSpecialCharacters -->
        <test-method status="PASS" signature="testPasswordHasAtLeastOneLetter()[pri:0, instance:com.example.AppTest@2ff95fc6]" name="testPasswordHasAtLeastOneLetter" duration-ms="0" started-at="2024-06-29T21:36:46Z" finished-at="2024-06-29T21:36:46Z">
          <reporter-output>
          </reporter-output>
        </test-method> <!-- testPasswordHasAtLeastOneLetter -->
        <test-method status="PASS" signature="testPasswordHasAtLeastOneLetter()[pri:0, instance:com.example.AppTest@2ff95fc6]" name="testPasswordHasAtLeastOneLetter" duration-ms="0" started-at="2024-06-29T21:36:46Z" finished-at="2024-06-29T21:36:46Z">
          <reporter-output>
          </reporter-output>
        </test-method> <!-- testPasswordHasAtLeastOneLetter -->
        <test-method status="PASS" signature="testPasswordHasAtLeastTwoSpecialCharacters()[pri:0, instance:com.example.AppTest@2ff95fc6]" name="testPasswordHasAtLeastTwoSpecialCharacters" duration-ms="0" started-at="2024-06-29T21:36:46Z" finished-at="2024-06-29T21:36:46Z">
          <reporter-output>
          </reporter-output>
        </test-method> <!-- testPasswordHasAtLeastTwoSpecialCharacters -->
        <test-method status="PASS" signature="testPasswordHasAtLeastOneLetter()[pri:0, instance:com.example.AppTest@2ff95fc6]" name="testPasswordHasAtLeastOneLetter" duration-ms="0" started-at="2024-06-29T21:36:46Z" finished-at="2024-06-29T21:36:46Z">
          <reporter-output>
          </reporter-output>
        </test-method> <!-- testPasswordHasAtLeastOneLetter -->
        <test-method status="PASS" signature="testPasswordHasAtLeastTwoSpecialCharacters()[pri:0, instance:com.example.AppTest@2ff95fc6]" name="testPasswordHasAtLeastTwoSpecialCharacters" duration-ms="2" started-at="2024-06-29T21:36:46Z" finished-at="2024-06-29T21:36:46Z">
          <reporter-output>
          </reporter-output>
        </test-method> <!-- testPasswordHasAtLeastTwoSpecialCharacters -->
        <test-method status="PASS" signature="testPasswordHasAtLeastTwoSpecialCharacters()[pri:0, instance:com.example.AppTest@2ff95fc6]" name="testPasswordHasAtLeastTwoSpecialCharacters" duration-ms="0" started-at="2024-06-29T21:36:46Z" finished-at="2024-06-29T21:36:46Z">
          <reporter-output>
          </reporter-output>
        </test-method> <!-- testPasswordHasAtLeastTwoSpecialCharacters -->
        <test-method status="PASS" signature="testPasswordHasAtLeastTwoSpecialCharacters()[pri:0, instance:com.example.AppTest@2ff95fc6]" name="testPasswordHasAtLeastTwoSpecialCharacters" duration-ms="0" started-at="2024-06-29T21:36:46Z" finished-at="2024-06-29T21:36:46Z">
          <reporter-output>
          </reporter-output>
        </test-method> <!-- testPasswordHasAtLeastTwoSpecialCharacters -->
        <test-method status="PASS" signature="testPasswordHasAtLeastTwoSpecialCharacters()[pri:0, instance:com.example.AppTest@2ff95fc6]" name="testPasswordHasAtLeastTwoSpecialCharacters" duration-ms="0" started-at="2024-06-29T21:36:46Z" finished-at="2024-06-29T21:36:46Z">
          <reporter-output>
          </reporter-output>
        </test-method> <!-- testPasswordHasAtLeastTwoSpecialCharacters -->
        <test-method status="PASS" signature="testPasswordHasAtLeastTwoSpecialCharacters()[pri:0, instance:com.example.AppTest@2ff95fc6]" name="testPasswordHasAtLeastTwoSpecialCharacters" duration-ms="1" started-at="2024-06-29T21:36:46Z" finished-at="2024-06-29T21:36:46Z">
          <reporter-output>
          </reporter-output>
        </test-method> <!-- testPasswordHasAtLeastTwoSpecialCharacters -->
        <test-method status="PASS" signature="testPasswordHasAtLeastTwoSpecialCharacters()[pri:0, instance:com.example.AppTest@2ff95fc6]" name="testPasswordHasAtLeastTwoSpecialCharacters" duration-ms="0" started-at="2024-06-29T21:36:46Z" finished-at="2024-06-29T21:36:46Z">
          <reporter-output>
          </reporter-output>
        </test-method> <!-- testPasswordHasAtLeastTwoSpecialCharacters -->
        <test-method status="PASS" signature="testPasswordHasAtLeastTwoSpecialCharacters()[pri:0, instance:com.example.AppTest@2ff95fc6]" name="testPasswordHasAtLeastTwoSpecialCharacters" duration-ms="0" started-at="2024-06-29T21:36:46Z" finished-at="2024-06-29T21:36:46Z">
          <reporter-output>
          </reporter-output>
        </test-method> <!-- testPasswordHasAtLeastTwoSpecialCharacters -->
        <test-method status="PASS" signature="testPasswordHasAtLeastTwoSpecialCharacters()[pri:0, instance:com.example.AppTest@2ff95fc6]" name="testPasswordHasAtLeastTwoSpecialCharacters" duration-ms="0" started-at="2024-06-29T21:36:46Z" finished-at="2024-06-29T21:36:46Z">
          <reporter-output>
          </reporter-output>
        </test-method> <!-- testPasswordHasAtLeastTwoSpecialCharacters -->
        <test-method status="PASS" signature="testPasswordHasAtLeastTwoSpecialCharacters()[pri:0, instance:com.example.AppTest@2ff95fc6]" name="testPasswordHasAtLeastTwoSpecialCharacters" duration-ms="0" started-at="2024-06-29T21:36:46Z" finished-at="2024-06-29T21:36:46Z">
          <reporter-output>
          </reporter-output>
        </test-method> <!-- testPasswordHasAtLeastTwoSpecialCharacters -->
        <test-method status="PASS" signature="testPasswordHasAtLeastTwoSpecialCharacters()[pri:0, instance:com.example.AppTest@2ff95fc6]" name="testPasswordHasAtLeastTwoSpecialCharacters" duration-ms="0" started-at="2024-06-29T21:36:46Z" finished-at="2024-06-29T21:36:46Z">
          <reporter-output>
          </reporter-output>
        </test-method> <!-- testPasswordHasAtLeastTwoSpecialCharacters -->
        <test-method status="PASS" signature="testPasswordHasAtLeastTwoSpecialCharacters()[pri:0, instance:com.example.AppTest@2ff95fc6]" name="testPasswordHasAtLeastTwoSpecialCharacters" duration-ms="0" started-at="2024-06-29T21:36:46Z" finished-at="2024-06-29T21:36:46Z">
          <reporter-output>
          </reporter-output>
        </test-method> <!-- testPasswordHasAtLeastTwoSpecialCharacters -->
        <test-method status="PASS" signature="testPasswordHasAtLeastTwoSpecialCharacters()[pri:0, instance:com.example.AppTest@2ff95fc6]" name="testPasswordHasAtLeastTwoSpecialCharacters" duration-ms="0" started-at="2024-06-29T21:36:46Z" finished-at="2024-06-29T21:36:46Z">
          <reporter-output>
          </reporter-output>
        </test-method> <!-- testPasswordHasAtLeastTwoSpecialCharacters -->
        <test-method status="PASS" signature="testPasswordHasAtLeastTwoSpecialCharacters()[pri:0, instance:com.example.AppTest@2ff95fc6]" name="testPasswordHasAtLeastTwoSpecialCharacters" duration-ms="0" started-at="2024-06-29T21:36:46Z" finished-at="2024-06-29T21:36:46Z">
          <reporter-output>
          </reporter-output>
        </test-method> <!-- testPasswordHasAtLeastTwoSpecialCharacters -->
        <test-method status="PASS" signature="testPasswordHasAtLeastTwoSpecialCharacters()[pri:0, instance:com.example.AppTest@2ff95fc6]" name="testPasswordHasAtLeastTwoSpecialCharacters" duration-ms="0" started-at="2024-06-29T21:36:46Z" finished-at="2024-06-29T21:36:46Z">
          <reporter-output>
          </reporter-output>
        </test-method> <!-- testPasswordHasAtLeastTwoSpecialCharacters -->
        <test-method status="PASS" signature="testPasswordHasAtLeastTwoSpecialCharacters()[pri:0, instance:com.example.AppTest@2ff95fc6]" name="testPasswordHasAtLeastTwoSpecialCharacters" duration-ms="1" started-at="2024-06-29T21:36:46Z" finished-at="2024-06-29T21:36:46Z">
          <reporter-output>
          </reporter-output>
        </test-method> <!-- testPasswordHasAtLeastTwoSpecialCharacters -->
        <test-method status="PASS" signature="testPasswordHasAtLeastTwoSpecialCharacters()[pri:0, instance:com.example.AppTest@2ff95fc6]" name="testPasswordHasAtLeastTwoSpecialCharacters" duration-ms="0" started-at="2024-06-29T21:36:46Z" finished-at="2024-06-29T21:36:46Z">
          <reporter-output>
          </reporter-output>
        </test-method> <!-- testPasswordHasAtLeastTwoSpecialCharacters -->
        <test-method status="PASS" signature="testPasswordHasAtLeastTwoSpecialCharacters()[pri:0, instance:com.example.AppTest@2ff95fc6]" name="testPasswordHasAtLeastTwoSpecialCharacters" duration-ms="1" started-at="2024-06-29T21:36:46Z" finished-at="2024-06-29T21:36:46Z">
          <reporter-output>
          </reporter-output>
        </test-method> <!-- testPasswordHasAtLeastTwoSpecialCharacters -->
        <test-method status="PASS" signature="testPasswordHasAtLeastTwoSpecialCharacters()[pri:0, instance:com.example.AppTest@2ff95fc6]" name="testPasswordHasAtLeastTwoSpecialCharacters" duration-ms="0" started-at="2024-06-29T21:36:46Z" finished-at="2024-06-29T21:36:46Z">
          <reporter-output>
          </reporter-output>
        </test-method> <!-- testPasswordHasAtLeastTwoSpecialCharacters -->
        <test-method status="PASS" signature="testPasswordHasAtLeastTwoSpecialCharacters()[pri:0, instance:com.example.AppTest@2ff95fc6]" name="testPasswordHasAtLeastTwoSpecialCharacters" duration-ms="0" started-at="2024-06-29T21:36:46Z" finished-at="2024-06-29T21:36:46Z">
          <reporter-output>
          </reporter-output>
        </test-method> <!-- testPasswordHasAtLeastTwoSpecialCharacters -->
        <test-method status="PASS" signature="testPasswordHasAtLeastTwoSpecialCharacters()[pri:0, instance:com.example.AppTest@2ff95fc6]" name="testPasswordHasAtLeastTwoSpecialCharacters" duration-ms="0" started-at="2024-06-29T21:36:46Z" finished-at="2024-06-29T21:36:46Z">
          <reporter-output>
          </reporter-output>
        </test-method> <!-- testPasswordHasAtLeastTwoSpecialCharacters -->
        <test-method status="PASS" signature="testPasswordHasAtLeastTwoSpecialCharacters()[pri:0, instance:com.example.AppTest@2ff95fc6]" name="testPasswordHasAtLeastTwoSpecialCharacters" duration-ms="0" started-at="2024-06-29T21:36:46Z" finished-at="2024-06-29T21:36:46Z">
          <reporter-output>
          </reporter-output>
        </test-method> <!-- testPasswordHasAtLeastTwoSpecialCharacters -->
        <test-method status="PASS" signature="testPasswordHasAtLeastTwoSpecialCharacters()[pri:0, instance:com.example.AppTest@2ff95fc6]" name="testPasswordHasAtLeastTwoSpecialCharacters" duration-ms="1" started-at="2024-06-29T21:36:46Z" finished-at="2024-06-29T21:36:46Z">
          <reporter-output>
          </reporter-output>
        </test-method> <!-- testPasswordHasAtLeastTwoSpecialCharacters -->
        <test-method status="PASS" signature="testPasswordHasAtLeastTwoSpecialCharacters()[pri:0, instance:com.example.AppTest@2ff95fc6]" name="testPasswordHasAtLeastTwoSpecialCharacters" duration-ms="0" started-at="2024-06-29T21:36:46Z" finished-at="2024-06-29T21:36:46Z">
          <reporter-output>
          </reporter-output>
        </test-method> <!-- testPasswordHasAtLeastTwoSpecialCharacters -->
        <test-method status="PASS" signature="testPasswordHasAtLeastTwoSpecialCharacters()[pri:0, instance:com.example.AppTest@2ff95fc6]" name="testPasswordHasAtLeastTwoSpecialCharacters" duration-ms="0" started-at="2024-06-29T21:36:46Z" finished-at="2024-06-29T21:36:46Z">
          <reporter-output>
          </reporter-output>
        </test-method> <!-- testPasswordHasAtLeastTwoSpecialCharacters -->
        <test-method status="PASS" signature="testPasswordHasAtLeastTwoSpecialCharacters()[pri:0, instance:com.example.AppTest@2ff95fc6]" name="testPasswordHasAtLeastTwoSpecialCharacters" duration-ms="0" started-at="2024-06-29T21:36:46Z" finished-at="2024-06-29T21:36:46Z">
          <reporter-output>
          </reporter-output>
        </test-method> <!-- testPasswordHasAtLeastTwoSpecialCharacters -->
        <test-method status="PASS" signature="testPasswordHasAtLeastTwoSpecialCharacters()[pri:0, instance:com.example.AppTest@2ff95fc6]" name="testPasswordHasAtLeastTwoSpecialCharacters" duration-ms="1" started-at="2024-06-29T21:36:46Z" finished-at="2024-06-29T21:36:46Z">
          <reporter-output>
          </reporter-output>
        </test-method> <!-- testPasswordHasAtLeastTwoSpecialCharacters -->
        <test-method status="PASS" signature="testPasswordHasAtLeastTwoSpecialCharacters()[pri:0, instance:com.example.AppTest@2ff95fc6]" name="testPasswordHasAtLeastTwoSpecialCharacters" duration-ms="0" started-at="2024-06-29T21:36:46Z" finished-at="2024-06-29T21:36:46Z">
          <reporter-output>
          </reporter-output>
        </test-method> <!-- testPasswordHasAtLeastTwoSpecialCharacters -->
        <test-method status="PASS" signature="testPasswordHasAtLeastTwoSpecialCharacters()[pri:0, instance:com.example.AppTest@2ff95fc6]" name="testPasswordHasAtLeastTwoSpecialCharacters" duration-ms="0" started-at="2024-06-29T21:36:46Z" finished-at="2024-06-29T21:36:46Z">
          <reporter-output>
          </reporter-output>
        </test-method> <!-- testPasswordHasAtLeastTwoSpecialCharacters -->
        <test-method status="PASS" signature="testPasswordHasAtLeastTwoSpecialCharacters()[pri:0, instance:com.example.AppTest@2ff95fc6]" name="testPasswordHasAtLeastTwoSpecialCharacters" duration-ms="0" started-at="2024-06-29T21:36:46Z" finished-at="2024-06-29T21:36:46Z">
          <reporter-output>
          </reporter-output>
        </test-method> <!-- testPasswordHasAtLeastTwoSpecialCharacters -->
        <test-method status="PASS" signature="testPasswordHasAtLeastTwoSpecialCharacters()[pri:0, instance:com.example.AppTest@2ff95fc6]" name="testPasswordHasAtLeastTwoSpecialCharacters" duration-ms="0" started-at="2024-06-29T21:36:46Z" finished-at="2024-06-29T21:36:46Z">
          <reporter-output>
          </reporter-output>
        </test-method> <!-- testPasswordHasAtLeastTwoSpecialCharacters -->
        <test-method status="PASS" signature="testPasswordHasAtLeastTwoSpecialCharacters()[pri:0, instance:com.example.AppTest@2ff95fc6]" name="testPasswordHasAtLeastTwoSpecialCharacters" duration-ms="0" started-at="2024-06-29T21:36:46Z" finished-at="2024-06-29T21:36:46Z">
          <reporter-output>
          </reporter-output>
        </test-method> <!-- testPasswordHasAtLeastTwoSpecialCharacters -->
        <test-method status="PASS" signature="testPasswordHasAtLeastTwoSpecialCharacters()[pri:0, instance:com.example.AppTest@2ff95fc6]" name="testPasswordHasAtLeastTwoSpecialCharacters" duration-ms="1" started-at="2024-06-29T21:36:46Z" finished-at="2024-06-29T21:36:46Z">
          <reporter-output>
          </reporter-output>
        </test-method> <!-- testPasswordHasAtLeastTwoSpecialCharacters -->
        <test-method status="PASS" signature="testPasswordHasAtLeastTwoSpecialCharacters()[pri:0, instance:com.example.AppTest@2ff95fc6]" name="testPasswordHasAtLeastTwoSpecialCharacters" duration-ms="0" started-at="2024-06-29T21:36:46Z" finished-at="2024-06-29T21:36:46Z">
          <reporter-output>
          </reporter-output>
        </test-method> <!-- testPasswordHasAtLeastTwoSpecialCharacters -->
        <test-method status="PASS" signature="testPasswordHasAtLeastTwoSpecialCharacters()[pri:0, instance:com.example.AppTest@2ff95fc6]" name="testPasswordHasAtLeastTwoSpecialCharacters" duration-ms="0" started-at="2024-06-29T21:36:46Z" finished-at="2024-06-29T21:36:46Z">
          <reporter-output>
          </reporter-output>
        </test-method> <!-- testPasswordHasAtLeastTwoSpecialCharacters -->
        <test-method status="PASS" signature="testPasswordHasAtLeastTwoSpecialCharacters()[pri:0, instance:com.example.AppTest@2ff95fc6]" name="testPasswordHasAtLeastTwoSpecialCharacters" duration-ms="0" started-at="2024-06-29T21:36:46Z" finished-at="2024-06-29T21:36:46Z">
          <reporter-output>
          </reporter-output>
        </test-method> <!-- testPasswordHasAtLeastTwoSpecialCharacters -->
        <test-method status="PASS" signature="testPasswordHasAtLeastTwoSpecialCharacters()[pri:0, instance:com.example.AppTest@2ff95fc6]" name="testPasswordHasAtLeastTwoSpecialCharacters" duration-ms="0" started-at="2024-06-29T21:36:46Z" finished-at="2024-06-29T21:36:46Z">
          <reporter-output>
          </reporter-output>
        </test-method> <!-- testPasswordHasAtLeastTwoSpecialCharacters -->
        <test-method status="PASS" signature="testPasswordHasAtLeastTwoSpecialCharacters()[pri:0, instance:com.example.AppTest@2ff95fc6]" name="testPasswordHasAtLeastTwoSpecialCharacters" duration-ms="0" started-at="2024-06-29T21:36:46Z" finished-at="2024-06-29T21:36:46Z">
          <reporter-output>
          </reporter-output>
        </test-method> <!-- testPasswordHasAtLeastTwoSpecialCharacters -->
        <test-method status="PASS" signature="testPasswordHasAtLeastTwoSpecialCharacters()[pri:0, instance:com.example.AppTest@2ff95fc6]" name="testPasswordHasAtLeastTwoSpecialCharacters" duration-ms="1" started-at="2024-06-29T21:36:46Z" finished-at="2024-06-29T21:36:46Z">
          <reporter-output>
          </reporter-output>
        </test-method> <!-- testPasswordHasAtLeastTwoSpecialCharacters -->
        <test-method status="PASS" signature="testPasswordHasAtLeastTwoSpecialCharacters()[pri:0, instance:com.example.AppTest@2ff95fc6]" name="testPasswordHasAtLeastTwoSpecialCharacters" duration-ms="0" started-at="2024-06-29T21:36:46Z" finished-at="2024-06-29T21:36:46Z">
          <reporter-output>
          </reporter-output>
        </test-method> <!-- testPasswordHasAtLeastTwoSpecialCharacters -->
        <test-method status="PASS" signature="testPasswordHasAtLeastTwoSpecialCharacters()[pri:0, instance:com.example.AppTest@2ff95fc6]" name="testPasswordHasAtLeastTwoSpecialCharacters" duration-ms="0" started-at="2024-06-29T21:36:46Z" finished-at="2024-06-29T21:36:46Z">
          <reporter-output>
          </reporter-output>
        </test-method> <!-- testPasswordHasAtLeastTwoSpecialCharacters -->
        <test-method status="PASS" signature="testPasswordHasAtLeastTwoSpecialCharacters()[pri:0, instance:com.example.AppTest@2ff95fc6]" name="testPasswordHasAtLeastTwoSpecialCharacters" duration-ms="0" started-at="2024-06-29T21:36:46Z" finished-at="2024-06-29T21:36:46Z">
          <reporter-output>
          </reporter-output>
        </test-method> <!-- testPasswordHasAtLeastTwoSpecialCharacters -->
        <test-method status="PASS" signature="testPasswordHasAtLeastTwoSpecialCharacters()[pri:0, instance:com.example.AppTest@2ff95fc6]" name="testPasswordHasAtLeastTwoSpecialCharacters" duration-ms="0" started-at="2024-06-29T21:36:46Z" finished-at="2024-06-29T21:36:46Z">
          <reporter-output>
          </reporter-output>
        </test-method> <!-- testPasswordHasAtLeastTwoSpecialCharacters -->
        <test-method status="PASS" signature="testPasswordHasAtLeastTwoSpecialCharacters()[pri:0, instance:com.example.AppTest@2ff95fc6]" name="testPasswordHasAtLeastTwoSpecialCharacters" duration-ms="0" started-at="2024-06-29T21:36:46Z" finished-at="2024-06-29T21:36:46Z">
          <reporter-output>
          </reporter-output>
        </test-method> <!-- testPasswordHasAtLeastTwoSpecialCharacters -->
        <test-method status="PASS" signature="testPasswordHasAtLeastTwoSpecialCharacters()[pri:0, instance:com.example.AppTest@2ff95fc6]" name="testPasswordHasAtLeastTwoSpecialCharacters" duration-ms="0" started-at="2024-06-29T21:36:46Z" finished-at="2024-06-29T21:36:46Z">
          <reporter-output>
          </reporter-output>
        </test-method> <!-- testPasswordHasAtLeastTwoSpecialCharacters -->
        <test-method status="PASS" signature="testPasswordHasAtLeastTwoSpecialCharacters()[pri:0, instance:com.example.AppTest@2ff95fc6]" name="testPasswordHasAtLeastTwoSpecialCharacters" duration-ms="0" started-at="2024-06-29T21:36:46Z" finished-at="2024-06-29T21:36:46Z">
          <reporter-output>
          </reporter-output>
        </test-method> <!-- testPasswordHasAtLeastTwoSpecialCharacters -->
        <test-method status="PASS" signature="testPasswordHasAtLeastTwoSpecialCharacters()[pri:0, instance:com.example.AppTest@2ff95fc6]" name="testPasswordHasAtLeastTwoSpecialCharacters" duration-ms="0" started-at="2024-06-29T21:36:46Z" finished-at="2024-06-29T21:36:46Z">
          <reporter-output>
          </reporter-output>
        </test-method> <!-- testPasswordHasAtLeastTwoSpecialCharacters -->
        <test-method status="PASS" signature="testPasswordHasAtLeastTwoSpecialCharacters()[pri:0, instance:com.example.AppTest@2ff95fc6]" name="testPasswordHasAtLeastTwoSpecialCharacters" duration-ms="0" started-at="2024-06-29T21:36:46Z" finished-at="2024-06-29T21:36:46Z">
          <reporter-output>
          </reporter-output>
        </test-method> <!-- testPasswordHasAtLeastTwoSpecialCharacters -->
        <test-method status="PASS" signature="testPasswordHasAtLeastTwoSpecialCharacters()[pri:0, instance:com.example.AppTest@2ff95fc6]" name="testPasswordHasAtLeastTwoSpecialCharacters" duration-ms="0" started-at="2024-06-29T21:36:46Z" finished-at="2024-06-29T21:36:46Z">
          <reporter-output>
          </reporter-output>
        </test-method> <!-- testPasswordHasAtLeastTwoSpecialCharacters -->
        <test-method status="PASS" signature="testPasswordHasAtLeastTwoSpecialCharacters()[pri:0, instance:com.example.AppTest@2ff95fc6]" name="testPasswordHasAtLeastTwoSpecialCharacters" duration-ms="0" started-at="2024-06-29T21:36:46Z" finished-at="2024-06-29T21:36:46Z">
          <reporter-output>
          </reporter-output>
        </test-method> <!-- testPasswordHasAtLeastTwoSpecialCharacters -->
        <test-method status="PASS" signature="testPasswordHasAtLeastTwoSpecialCharacters()[pri:0, instance:com.example.AppTest@2ff95fc6]" name="testPasswordHasAtLeastTwoSpecialCharacters" duration-ms="0" started-at="2024-06-29T21:36:46Z" finished-at="2024-06-29T21:36:46Z">
          <reporter-output>
          </reporter-output>
        </test-method> <!-- testPasswordHasAtLeastTwoSpecialCharacters -->
        <test-method status="PASS" signature="testPasswordHasAtLeastTwoSpecialCharacters()[pri:0, instance:com.example.AppTest@2ff95fc6]" name="testPasswordHasAtLeastTwoSpecialCharacters" duration-ms="1" started-at="2024-06-29T21:36:46Z" finished-at="2024-06-29T21:36:46Z">
          <reporter-output>
          </reporter-output>
        </test-method> <!-- testPasswordHasAtLeastTwoSpecialCharacters -->
        <test-method status="PASS" signature="testPasswordHasAtLeastTwoSpecialCharacters()[pri:0, instance:com.example.AppTest@2ff95fc6]" name="testPasswordHasAtLeastTwoSpecialCharacters" duration-ms="0" started-at="2024-06-29T21:36:46Z" finished-at="2024-06-29T21:36:46Z">
          <reporter-output>
          </reporter-output>
        </test-method> <!-- testPasswordHasAtLeastTwoSpecialCharacters -->
        <test-method status="PASS" signature="testPasswordHasAtLeastTwoSpecialCharacters()[pri:0, instance:com.example.AppTest@2ff95fc6]" name="testPasswordHasAtLeastTwoSpecialCharacters" duration-ms="0" started-at="2024-06-29T21:36:46Z" finished-at="2024-06-29T21:36:46Z">
          <reporter-output>
          </reporter-output>
        </test-method> <!-- testPasswordHasAtLeastTwoSpecialCharacters -->
        <test-method status="PASS" signature="testPasswordHasAtLeastTwoSpecialCharacters()[pri:0, instance:com.example.AppTest@2ff95fc6]" name="testPasswordHasAtLeastTwoSpecialCharacters" duration-ms="0" started-at="2024-06-29T21:36:46Z" finished-at="2024-06-29T21:36:46Z">
          <reporter-output>
          </reporter-output>
        </test-method> <!-- testPasswordHasAtLeastTwoSpecialCharacters -->
        <test-method status="PASS" signature="testPasswordHasAtLeastTwoSpecialCharacters()[pri:0, instance:com.example.AppTest@2ff95fc6]" name="testPasswordHasAtLeastTwoSpecialCharacters" duration-ms="0" started-at="2024-06-29T21:36:46Z" finished-at="2024-06-29T21:36:46Z">
          <reporter-output>
          </reporter-output>
        </test-method> <!-- testPasswordHasAtLeastTwoSpecialCharacters -->
        <test-method status="PASS" signature="testPasswordHasAtLeastTwoSpecialCharacters()[pri:0, instance:com.example.AppTest@2ff95fc6]" name="testPasswordHasAtLeastTwoSpecialCharacters" duration-ms="0" started-at="2024-06-29T21:36:46Z" finished-at="2024-06-29T21:36:46Z">
          <reporter-output>
          </reporter-output>
        </test-method> <!-- testPasswordHasAtLeastTwoSpecialCharacters -->
        <test-method status="PASS" signature="testPasswordHasAtLeastTwoSpecialCharacters()[pri:0, instance:com.example.AppTest@2ff95fc6]" name="testPasswordHasAtLeastTwoSpecialCharacters" duration-ms="0" started-at="2024-06-29T21:36:46Z" finished-at="2024-06-29T21:36:46Z">
          <reporter-output>
          </reporter-output>
        </test-method> <!-- testPasswordHasAtLeastTwoSpecialCharacters -->
        <test-method status="PASS" signature="testPasswordHasAtLeastTwoSpecialCharacters()[pri:0, instance:com.example.AppTest@2ff95fc6]" name="testPasswordHasAtLeastTwoSpecialCharacters" duration-ms="0" started-at="2024-06-29T21:36:46Z" finished-at="2024-06-29T21:36:46Z">
          <reporter-output>
          </reporter-output>
        </test-method> <!-- testPasswordHasAtLeastTwoSpecialCharacters -->
        <test-method status="PASS" signature="testPasswordHasAtLeastTwoSpecialCharacters()[pri:0, instance:com.example.AppTest@2ff95fc6]" name="testPasswordHasAtLeastTwoSpecialCharacters" duration-ms="0" started-at="2024-06-29T21:36:46Z" finished-at="2024-06-29T21:36:46Z">
          <reporter-output>
          </reporter-output>
        </test-method> <!-- testPasswordHasAtLeastTwoSpecialCharacters -->
        <test-method status="PASS" signature="testPasswordHasAtLeastTwoSpecialCharacters()[pri:0, instance:com.example.AppTest@2ff95fc6]" name="testPasswordHasAtLeastTwoSpecialCharacters" duration-ms="0" started-at="2024-06-29T21:36:46Z" finished-at="2024-06-29T21:36:46Z">
          <reporter-output>
          </reporter-output>
        </test-method> <!-- testPasswordHasAtLeastTwoSpecialCharacters -->
        <test-method status="PASS" signature="testPasswordHasAtLeastTwoSpecialCharacters()[pri:0, instance:com.example.AppTest@2ff95fc6]" name="testPasswordHasAtLeastTwoSpecialCharacters" duration-ms="0" started-at="2024-06-29T21:36:46Z" finished-at="2024-06-29T21:36:46Z">
          <reporter-output>
          </reporter-output>
        </test-method> <!-- testPasswordHasAtLeastTwoSpecialCharacters -->
        <test-method status="PASS" signature="testPasswordHasAtLeastTwoSpecialCharacters()[pri:0, instance:com.example.AppTest@2ff95fc6]" name="testPasswordHasAtLeastTwoSpecialCharacters" duration-ms="0" started-at="2024-06-29T21:36:46Z" finished-at="2024-06-29T21:36:46Z">
          <reporter-output>
          </reporter-output>
        </test-method> <!-- testPasswordHasAtLeastTwoSpecialCharacters -->
        <test-method status="PASS" signature="testPasswordHasAtLeastTwoSpecialCharacters()[pri:0, instance:com.example.AppTest@2ff95fc6]" name="testPasswordHasAtLeastTwoSpecialCharacters" duration-ms="0" started-at="2024-06-29T21:36:46Z" finished-at="2024-06-29T21:36:46Z">
          <reporter-output>
          </reporter-output>
        </test-method> <!-- testPasswordHasAtLeastTwoSpecialCharacters -->
        <test-method status="PASS" signature="testPasswordHasAtLeastTwoSpecialCharacters()[pri:0, instance:com.example.AppTest@2ff95fc6]" name="testPasswordHasAtLeastTwoSpecialCharacters" duration-ms="0" started-at="2024-06-29T21:36:46Z" finished-at="2024-06-29T21:36:46Z">
          <reporter-output>
          </reporter-output>
        </test-method> <!-- testPasswordHasAtLeastTwoSpecialCharacters -->
        <test-method status="PASS" signature="testPasswordHasAtLeastTwoSpecialCharacters()[pri:0, instance:com.example.AppTest@2ff95fc6]" name="testPasswordHasAtLeastTwoSpecialCharacters" duration-ms="0" started-at="2024-06-29T21:36:46Z" finished-at="2024-06-29T21:36:46Z">
          <reporter-output>
          </reporter-output>
        </test-method> <!-- testPasswordHasAtLeastTwoSpecialCharacters -->
        <test-method status="PASS" signature="testPasswordHasAtLeastTwoSpecialCharacters()[pri:0, instance:com.example.AppTest@2ff95fc6]" name="testPasswordHasAtLeastTwoSpecialCharacters" duration-ms="1" started-at="2024-06-29T21:36:46Z" finished-at="2024-06-29T21:36:46Z">
          <reporter-output>
          </reporter-output>
        </test-method> <!-- testPasswordHasAtLeastTwoSpecialCharacters -->
        <test-method status="PASS" signature="testPasswordHasAtLeastTwoSpecialCharacters()[pri:0, instance:com.example.AppTest@2ff95fc6]" name="testPasswordHasAtLeastTwoSpecialCharacters" duration-ms="0" started-at="2024-06-29T21:36:46Z" finished-at="2024-06-29T21:36:46Z">
          <reporter-output>
          </reporter-output>
        </test-method> <!-- testPasswordHasAtLeastTwoSpecialCharacters -->
        <test-method status="PASS" signature="testPasswordHasAtLeastTwoSpecialCharacters()[pri:0, instance:com.example.AppTest@2ff95fc6]" name="testPasswordHasAtLeastTwoSpecialCharacters" duration-ms="0" started-at="2024-06-29T21:36:46Z" finished-at="2024-06-29T21:36:46Z">
          <reporter-output>
          </reporter-output>
        </test-method> <!-- testPasswordHasAtLeastTwoSpecialCharacters -->
        <test-method status="PASS" signature="testPasswordHasAtLeastTwoSpecialCharacters()[pri:0, instance:com.example.AppTest@2ff95fc6]" name="testPasswordHasAtLeastTwoSpecialCharacters" duration-ms="0" started-at="2024-06-29T21:36:46Z" finished-at="2024-06-29T21:36:46Z">
          <reporter-output>
          </reporter-output>
        </test-method> <!-- testPasswordHasAtLeastTwoSpecialCharacters -->
        <test-method status="PASS" signature="testPasswordHasAtLeastTwoSpecialCharacters()[pri:0, instance:com.example.AppTest@2ff95fc6]" name="testPasswordHasAtLeastTwoSpecialCharacters" duration-ms="1" started-at="2024-06-29T21:36:46Z" finished-at="2024-06-29T21:36:46Z">
          <reporter-output>
          </reporter-output>
        </test-method> <!-- testPasswordHasAtLeastTwoSpecialCharacters -->
        <test-method status="PASS" signature="testPasswordHasAtLeastTwoSpecialCharacters()[pri:0, instance:com.example.AppTest@2ff95fc6]" name="testPasswordHasAtLeastTwoSpecialCharacters" duration-ms="0" started-at="2024-06-29T21:36:46Z" finished-at="2024-06-29T21:36:46Z">
          <reporter-output>
          </reporter-output>
        </test-method> <!-- testPasswordHasAtLeastTwoSpecialCharacters -->
        <test-method status="PASS" signature="testPasswordHasAtLeastTwoSpecialCharacters()[pri:0, instance:com.example.AppTest@2ff95fc6]" name="testPasswordHasAtLeastTwoSpecialCharacters" duration-ms="0" started-at="2024-06-29T21:36:46Z" finished-at="2024-06-29T21:36:46Z">
          <reporter-output>
          </reporter-output>
        </test-method> <!-- testPasswordHasAtLeastTwoSpecialCharacters -->
        <test-method status="PASS" signature="testPasswordHasAtLeastTwoSpecialCharacters()[pri:0, instance:com.example.AppTest@2ff95fc6]" name="testPasswordHasAtLeastTwoSpecialCharacters" duration-ms="0" started-at="2024-06-29T21:36:46Z" finished-at="2024-06-29T21:36:46Z">
          <reporter-output>
          </reporter-output>
        </test-method> <!-- testPasswordHasAtLeastTwoSpecialCharacters -->
        <test-method status="PASS" signature="testPasswordHasAtLeastTwoSpecialCharacters()[pri:0, instance:com.example.AppTest@2ff95fc6]" name="testPasswordHasAtLeastTwoSpecialCharacters" duration-ms="0" started-at="2024-06-29T21:36:46Z" finished-at="2024-06-29T21:36:46Z">
          <reporter-output>
          </reporter-output>
        </test-method> <!-- testPasswordHasAtLeastTwoSpecialCharacters -->
        <test-method status="PASS" signature="testPasswordHasAtLeastTwoSpecialCharacters()[pri:0, instance:com.example.AppTest@2ff95fc6]" name="testPasswordHasAtLeastTwoSpecialCharacters" duration-ms="0" started-at="2024-06-29T21:36:46Z" finished-at="2024-06-29T21:36:46Z">
          <reporter-output>
          </reporter-output>
        </test-method> <!-- testPasswordHasAtLeastTwoSpecialCharacters -->
        <test-method status="PASS" signature="testPasswordHasAtLeastTwoSpecialCharacters()[pri:0, instance:com.example.AppTest@2ff95fc6]" name="testPasswordHasAtLeastTwoSpecialCharacters" duration-ms="0" started-at="2024-06-29T21:36:46Z" finished-at="2024-06-29T21:36:46Z">
          <reporter-output>
          </reporter-output>
        </test-method> <!-- testPasswordHasAtLeastTwoSpecialCharacters -->
        <test-method status="PASS" signature="testPasswordHasAtLeastTwoSpecialCharacters()[pri:0, instance:com.example.AppTest@2ff95fc6]" name="testPasswordHasAtLeastTwoSpecialCharacters" duration-ms="0" started-at="2024-06-29T21:36:46Z" finished-at="2024-06-29T21:36:46Z">
          <reporter-output>
          </reporter-output>
        </test-method> <!-- testPasswordHasAtLeastTwoSpecialCharacters -->
        <test-method status="PASS" signature="testPasswordHasAtLeastTwoSpecialCharacters()[pri:0, instance:com.example.AppTest@2ff95fc6]" name="testPasswordHasAtLeastTwoSpecialCharacters" duration-ms="0" started-at="2024-06-29T21:36:46Z" finished-at="2024-06-29T21:36:46Z">
          <reporter-output>
          </reporter-output>
        </test-method> <!-- testPasswordHasAtLeastTwoSpecialCharacters -->
        <test-method status="PASS" signature="testPasswordHasAtLeastTwoSpecialCharacters()[pri:0, instance:com.example.AppTest@2ff95fc6]" name="testPasswordHasAtLeastTwoSpecialCharacters" duration-ms="0" started-at="2024-06-29T21:36:46Z" finished-at="2024-06-29T21:36:46Z">
          <reporter-output>
          </reporter-output>
        </test-method> <!-- testPasswordHasAtLeastTwoSpecialCharacters -->
        <test-method status="PASS" signature="testPasswordHasAtLeastTwoSpecialCharacters()[pri:0, instance:com.example.AppTest@2ff95fc6]" name="testPasswordHasAtLeastTwoSpecialCharacters" duration-ms="0" started-at="2024-06-29T21:36:46Z" finished-at="2024-06-29T21:36:46Z">
          <reporter-output>
          </reporter-output>
        </test-method> <!-- testPasswordHasAtLeastTwoSpecialCharacters -->
        <test-method status="PASS" signature="testPasswordHasAtLeastTwoSpecialCharacters()[pri:0, instance:com.example.AppTest@2ff95fc6]" name="testPasswordHasAtLeastTwoSpecialCharacters" duration-ms="1" started-at="2024-06-29T21:36:46Z" finished-at="2024-06-29T21:36:46Z">
          <reporter-output>
          </reporter-output>
        </test-method> <!-- testPasswordHasAtLeastTwoSpecialCharacters -->
        <test-method status="PASS" signature="testPasswordHasAtLeastTwoSpecialCharacters()[pri:0, instance:com.example.AppTest@2ff95fc6]" name="testPasswordHasAtLeastTwoSpecialCharacters" duration-ms="0" started-at="2024-06-29T21:36:46Z" finished-at="2024-06-29T21:36:46Z">
          <reporter-output>
          </reporter-output>
        </test-method> <!-- testPasswordHasAtLeastTwoSpecialCharacters -->
        <test-method status="PASS" signature="testPasswordHasAtLeastTwoSpecialCharacters()[pri:0, instance:com.example.AppTest@2ff95fc6]" name="testPasswordHasAtLeastTwoSpecialCharacters" duration-ms="0" started-at="2024-06-29T21:36:46Z" finished-at="2024-06-29T21:36:46Z">
          <reporter-output>
          </reporter-output>
        </test-method> <!-- testPasswordHasAtLeastTwoSpecialCharacters -->
        <test-method status="PASS" signature="testPasswordHasAtLeastTwoSpecialCharacters()[pri:0, instance:com.example.AppTest@2ff95fc6]" name="testPasswordHasAtLeastTwoSpecialCharacters" duration-ms="0" started-at="2024-06-29T21:36:46Z" finished-at="2024-06-29T21:36:46Z">
          <reporter-output>
          </reporter-output>
        </test-method> <!-- testPasswordHasAtLeastTwoSpecialCharacters -->
        <test-method status="PASS" signature="testPasswordHasAtLeastTwoSpecialCharacters()[pri:0, instance:com.example.AppTest@2ff95fc6]" name="testPasswordHasAtLeastTwoSpecialCharacters" duration-ms="0" started-at="2024-06-29T21:36:46Z" finished-at="2024-06-29T21:36:46Z">
          <reporter-output>
          </reporter-output>
        </test-method> <!-- testPasswordHasAtLeastTwoSpecialCharacters -->
        <test-method status="PASS" signature="testPasswordHasAtLeastTwoSpecialCharacters()[pri:0, instance:com.example.AppTest@2ff95fc6]" name="testPasswordHasAtLeastTwoSpecialCharacters" duration-ms="0" started-at="2024-06-29T21:36:46Z" finished-at="2024-06-29T21:36:46Z">
          <reporter-output>
          </reporter-output>
        </test-method> <!-- testPasswordHasAtLeastTwoSpecialCharacters -->
        <test-method status="PASS" signature="testPasswordHasAtLeastTwoSpecialCharacters()[pri:0, instance:com.example.AppTest@2ff95fc6]" name="testPasswordHasAtLeastTwoSpecialCharacters" duration-ms="0" started-at="2024-06-29T21:36:46Z" finished-at="2024-06-29T21:36:46Z">
          <reporter-output>
          </reporter-output>
        </test-method> <!-- testPasswordHasAtLeastTwoSpecialCharacters -->
        <test-method status="PASS" signature="testPasswordHasAtLeastTwoSpecialCharacters()[pri:0, instance:com.example.AppTest@2ff95fc6]" name="testPasswordHasAtLeastTwoSpecialCharacters" duration-ms="1" started-at="2024-06-29T21:36:46Z" finished-at="2024-06-29T21:36:46Z">
          <reporter-output>
          </reporter-output>
        </test-method> <!-- testPasswordHasAtLeastTwoSpecialCharacters -->
        <test-method status="PASS" signature="testPasswordHasAtLeastTwoSpecialCharacters()[pri:0, instance:com.example.AppTest@2ff95fc6]" name="testPasswordHasAtLeastTwoSpecialCharacters" duration-ms="0" started-at="2024-06-29T21:36:46Z" finished-at="2024-06-29T21:36:46Z">
          <reporter-output>
          </reporter-output>
        </test-method> <!-- testPasswordHasAtLeastTwoSpecialCharacters -->
        <test-method status="PASS" signature="testPasswordHasAtLeastTwoSpecialCharacters()[pri:0, instance:com.example.AppTest@2ff95fc6]" name="testPasswordHasAtLeastTwoSpecialCharacters" duration-ms="0" started-at="2024-06-29T21:36:46Z" finished-at="2024-06-29T21:36:46Z">
          <reporter-output>
          </reporter-output>
        </test-method> <!-- testPasswordHasAtLeastTwoSpecialCharacters -->
        <test-method status="PASS" signature="testPasswordHasAtLeastTwoSpecialCharacters()[pri:0, instance:com.example.AppTest@2ff95fc6]" name="testPasswordHasAtLeastTwoSpecialCharacters" duration-ms="0" started-at="2024-06-29T21:36:46Z" finished-at="2024-06-29T21:36:46Z">
          <reporter-output>
          </reporter-output>
        </test-method> <!-- testPasswordHasAtLeastTwoSpecialCharacters -->
        <test-method status="PASS" signature="testPasswordHasAtLeastTwoSpecialCharacters()[pri:0, instance:com.example.AppTest@2ff95fc6]" name="testPasswordHasAtLeastTwoSpecialCharacters" duration-ms="0" started-at="2024-06-29T21:36:46Z" finished-at="2024-06-29T21:36:46Z">
          <reporter-output>
          </reporter-output>
        </test-method> <!-- testPasswordHasAtLeastTwoSpecialCharacters -->
        <test-method status="PASS" signature="testPasswordHasAtLeastTwoSpecialCharacters()[pri:0, instance:com.example.AppTest@2ff95fc6]" name="testPasswordHasAtLeastTwoSpecialCharacters" duration-ms="0" started-at="2024-06-29T21:36:46Z" finished-at="2024-06-29T21:36:46Z">
          <reporter-output>
          </reporter-output>
        </test-method> <!-- testPasswordHasAtLeastTwoSpecialCharacters -->
        <test-method status="PASS" signature="testPasswordHasAtLeastTwoSpecialCharacters()[pri:0, instance:com.example.AppTest@2ff95fc6]" name="testPasswordHasAtLeastTwoSpecialCharacters" duration-ms="0" started-at="2024-06-29T21:36:46Z" finished-at="2024-06-29T21:36:46Z">
          <reporter-output>
          </reporter-output>
        </test-method> <!-- testPasswordHasAtLeastTwoSpecialCharacters -->
        <test-method status="PASS" signature="testPasswordHasAtLeastTwoSpecialCharacters()[pri:0, instance:com.example.AppTest@2ff95fc6]" name="testPasswordHasAtLeastTwoSpecialCharacters" duration-ms="0" started-at="2024-06-29T21:36:46Z" finished-at="2024-06-29T21:36:46Z">
          <reporter-output>
          </reporter-output>
        </test-method> <!-- testPasswordHasAtLeastTwoSpecialCharacters -->
        <test-method status="PASS" signature="testPasswordHasAtLeastTwoSpecialCharacters()[pri:0, instance:com.example.AppTest@2ff95fc6]" name="testPasswordHasAtLeastTwoSpecialCharacters" duration-ms="0" started-at="2024-06-29T21:36:46Z" finished-at="2024-06-29T21:36:46Z">
          <reporter-output>
          </reporter-output>
        </test-method> <!-- testPasswordHasAtLeastTwoSpecialCharacters -->
        <test-method status="PASS" signature="testPasswordHasAtLeastTwoSpecialCharacters()[pri:0, instance:com.example.AppTest@2ff95fc6]" name="testPasswordHasAtLeastTwoSpecialCharacters" duration-ms="1" started-at="2024-06-29T21:36:46Z" finished-at="2024-06-29T21:36:46Z">
          <reporter-output>
          </reporter-output>
        </test-method> <!-- testPasswordHasAtLeastTwoSpecialCharacters -->
        <test-method status="PASS" signature="testPasswordHasAtLeastTwoSpecialCharacters()[pri:0, instance:com.example.AppTest@2ff95fc6]" name="testPasswordHasAtLeastTwoSpecialCharacters" duration-ms="0" started-at="2024-06-29T21:36:46Z" finished-at="2024-06-29T21:36:46Z">
          <reporter-output>
          </reporter-output>
        </test-method> <!-- testPasswordHasAtLeastTwoSpecialCharacters -->
        <test-method status="PASS" signature="testPasswordLengthIsTen()[pri:0, instance:com.example.AppTest@2ff95fc6]" name="testPasswordLengthIsTen" duration-ms="0" started-at="2024-06-29T21:36:46Z" finished-at="2024-06-29T21:36:46Z">
          <reporter-output>
          </reporter-output>
        </test-method> <!-- testPasswordLengthIsTen -->
        <test-method status="PASS" signature="testPasswordLengthIsTen()[pri:0, instance:com.example.AppTest@2ff95fc6]" name="testPasswordLengthIsTen" duration-ms="0" started-at="2024-06-29T21:36:46Z" finished-at="2024-06-29T21:36:46Z">
          <reporter-output>
          </reporter-output>
        </test-method> <!-- testPasswordLengthIsTen -->
        <test-method status="PASS" signature="testPasswordLengthIsTen()[pri:0, instance:com.example.AppTest@2ff95fc6]" name="testPasswordLengthIsTen" duration-ms="0" started-at="2024-06-29T21:36:46Z" finished-at="2024-06-29T21:36:46Z">
          <reporter-output>
          </reporter-output>
        </test-method> <!-- testPasswordLengthIsTen -->
        <test-method status="PASS" signature="testPasswordLengthIsTen()[pri:0, instance:com.example.AppTest@2ff95fc6]" name="testPasswordLengthIsTen" duration-ms="0" started-at="2024-06-29T21:36:46Z" finished-at="2024-06-29T21:36:46Z">
          <reporter-output>
[...]
          <reporter-output>
          </reporter-output>
        </test-method> <!-- testPasswordLengthIsTen -->
        <test-method status="PASS" signature="testPasswordLengthIsTen()[pri:0, instance:com.example.AppTest@2ff95fc6]" name="testPasswordLengthIsTen" duration-ms="0" started-at="2024-06-29T21:36:46Z" finished-at="2024-06-29T21:36:46Z">
          <reporter-output>
          </reporter-output>
        </test-method> <!-- testPasswordLengthIsTen -->
        <test-method status="PASS" signature="testPasswordLengthIsTen()[pri:0, instance:com.example.AppTest@2ff95fc6]" name="testPasswordLengthIsTen" duration-ms="0" started-at="2024-06-29T21:36:46Z" finished-at="2024-06-29T21:36:46Z">
          <reporter-output>
          </reporter-output>
        </test-method> <!-- testPasswordLengthIsTen -->
        <test-method status="PASS" signature="testPasswordLengthIsTen()[pri:0, instance:com.example.AppTest@2ff95fc6]" name="testPasswordLengthIsTen" duration-ms="0" started-at="2024-06-29T21:36:46Z" finished-at="2024-06-29T21:36:46Z">
          <reporter-output>
          </reporter-output>
        </test-method> <!-- testPasswordLengthIsTen -->
        <test-method status="PASS" signature="testPasswordLengthIsTen()[pri:0, instance:com.example.AppTest@2ff95fc6]" name="testPasswordLengthIsTen" duration-ms="1" started-at="2024-06-29T21:36:46Z" finished-at="2024-06-29T21:36:46Z">
          <reporter-output>
          </reporter-output>
        </test-method> <!-- testPasswordLengthIsTen -->
        <test-method status="PASS" signature="testPasswordLengthIsTen()[pri:0, instance:com.example.AppTest@2ff95fc6]" name="testPasswordLengthIsTen" duration-ms="1" started-at="2024-06-29T21:36:46Z" finished-at="2024-06-29T21:36:46Z">
          <reporter-output>
          </reporter-output>
        </test-method> <!-- testPasswordLengthIsTen -->
        <test-method status="PASS" signature="testPasswordLengthIsTen()[pri:0, instance:com.example.AppTest@2ff95fc6]" name="testPasswordLengthIsTen" duration-ms="0" started-at="2024-06-29T21:36:46Z" finished-at="2024-06-29T21:36:46Z">
          <reporter-output>
          </reporter-output>
        </test-method> <!-- testPasswordLengthIsTen -->
        <test-method status="PASS" signature="testPasswordLengthIsTen()[pri:0, instance:com.example.AppTest@2ff95fc6]" name="testPasswordLengthIsTen" duration-ms="0" started-at="2024-06-29T21:36:46Z" finished-at="2024-06-29T21:36:46Z">
          <reporter-output>
          </reporter-output>
        </test-method> <!-- testPasswordLengthIsTen -->
        <test-method status="PASS" signature="testPasswordLengthIsTen()[pri:0, instance:com.example.AppTest@2ff95fc6]" name="testPasswordLengthIsTen" duration-ms="1" started-at="2024-06-29T21:36:46Z" finished-at="2024-06-29T21:36:46Z">
          <reporter-output>
          </reporter-output>
        </test-method> <!-- testPasswordLengthIsTen -->
        <test-method status="PASS" signature="testPasswordLengthIsTen()[pri:0, instance:com.example.AppTest@2ff95fc6]" name="testPasswordLengthIsTen" duration-ms="0" started-at="2024-06-29T21:36:46Z" finished-at="2024-06-29T21:36:46Z">
          <reporter-output>
          </reporter-output>
        </test-method> <!-- testPasswordLengthIsTen -->
        <test-method status="PASS" signature="testPasswordLengthIsTen()[pri:0, instance:com.example.AppTest@2ff95fc6]" name="testPasswordLengthIsTen" duration-ms="0" started-at="2024-06-29T21:36:46Z" finished-at="2024-06-29T21:36:46Z">
          <reporter-output>
          </reporter-output>
        </test-method> <!-- testPasswordLengthIsTen -->
        <test-method status="PASS" signature="testPasswordLengthIsTen()[pri:0, instance:com.example.AppTest@2ff95fc6]" name="testPasswordLengthIsTen" duration-ms="1" started-at="2024-06-29T21:36:46Z" finished-at="2024-06-29T21:36:46Z">
          <reporter-output>
          </reporter-output>
        </test-method> <!-- testPasswordLengthIsTen -->
        <test-method status="PASS" signature="testPasswordLengthIsTen()[pri:0, instance:com.example.AppTest@2ff95fc6]" name="testPasswordLengthIsTen" duration-ms="1" started-at="2024-06-29T21:36:46Z" finished-at="2024-06-29T21:36:46Z">
          <reporter-output>
          </reporter-output>
        </test-method> <!-- testPasswordLengthIsTen -->
        <test-method status="PASS" signature="testPasswordLengthIsTen()[pri:0, instance:com.example.AppTest@2ff95fc6]" name="testPasswordLengthIsTen" duration-ms="0" started-at="2024-06-29T21:36:46Z" finished-at="2024-06-29T21:36:46Z">
          <reporter-output>
          </reporter-output>
        </test-method> <!-- testPasswordLengthIsTen -->
        <test-method status="PASS" signature="testPasswordLengthIsTen()[pri:0, instance:com.example.AppTest@2ff95fc6]" name="testPasswordLengthIsTen" duration-ms="0" started-at="2024-06-29T21:36:46Z" finished-at="2024-06-29T21:36:46Z">
          <reporter-output>
          </reporter-output>
        </test-method> <!-- testPasswordLengthIsTen -->
        <test-method status="PASS" signature="testPasswordLengthIsTen()[pri:0, instance:com.example.AppTest@2ff95fc6]" name="testPasswordLengthIsTen" duration-ms="1" started-at="2024-06-29T21:36:46Z" finished-at="2024-06-29T21:36:46Z">
          <reporter-output>
          </reporter-output>
        </test-method> <!-- testPasswordLengthIsTen -->
        <test-method status="PASS" signature="testPasswordLengthIsTen()[pri:0, instance:com.example.AppTest@2ff95fc6]" name="testPasswordLengthIsTen" duration-ms="0" started-at="2024-06-29T21:36:46Z" finished-at="2024-06-29T21:36:46Z">
          <reporter-output>
          </reporter-output>
        </test-method> <!-- testPasswordLengthIsTen -->
        <test-method status="PASS" signature="testPasswordLengthIsTen()[pri:0, instance:com.example.AppTest@2ff95fc6]" name="testPasswordLengthIsTen" duration-ms="0" started-at="2024-06-29T21:36:46Z" finished-at="2024-06-29T21:36:46Z">
          <reporter-output>
          </reporter-output>
        </test-method> <!-- testPasswordLengthIsTen -->
        <test-method status="PASS" signature="testPasswordLengthIsTen()[pri:0, instance:com.example.AppTest@2ff95fc6]" name="testPasswordLengthIsTen" duration-ms="0" started-at="2024-06-29T21:36:46Z" finished-at="2024-06-29T21:36:46Z">
          <reporter-output>
          </reporter-output>
        </test-method> <!-- testPasswordLengthIsTen -->
        <test-method status="PASS" signature="testPasswordLengthIsTen()[pri:0, instance:com.example.AppTest@2ff95fc6]" name="testPasswordLengthIsTen" duration-ms="0" started-at="2024-06-29T21:36:46Z" finished-at="2024-06-29T21:36:46Z">
          <reporter-output>
          </reporter-output>
        </test-method> <!-- testPasswordLengthIsTen -->
        <test-method status="PASS" signature="testPasswordLengthIsTen()[pri:0, instance:com.example.AppTest@2ff95fc6]" name="testPasswordLengthIsTen" duration-ms="0" started-at="2024-06-29T21:36:46Z" finished-at="2024-06-29T21:36:46Z">
          <reporter-output>
          </reporter-output>
        </test-method> <!-- testPasswordLengthIsTen -->
        <test-method status="PASS" signature="testPasswordLengthIsTen()[pri:0, instance:com.example.AppTest@2ff95fc6]" name="testPasswordLengthIsTen" duration-ms="0" started-at="2024-06-29T21:36:46Z" finished-at="2024-06-29T21:36:46Z">
          <reporter-output>
          </reporter-output>
        </test-method> <!-- testPasswordLengthIsTen -->
        <test-method status="PASS" signature="testPasswordLengthIsTen()[pri:0, instance:com.example.AppTest@2ff95fc6]" name="testPasswordLengthIsTen" duration-ms="0" started-at="2024-06-29T21:36:46Z" finished-at="2024-06-29T21:36:46Z">
          <reporter-output>
          </reporter-output>
        </test-method> <!-- testPasswordLengthIsTen -->
        <test-method status="PASS" signature="testPasswordLengthIsTen()[pri:0, instance:com.example.AppTest@2ff95fc6]" name="testPasswordLengthIsTen" duration-ms="1" started-at="2024-06-29T21:36:46Z" finished-at="2024-06-29T21:36:46Z">
          <reporter-output>
          </reporter-output>
        </test-method> <!-- testPasswordLengthIsTen -->
        <test-method status="PASS" signature="testPasswordLengthIsTen()[pri:0, instance:com.example.AppTest@2ff95fc6]" name="testPasswordLengthIsTen" duration-ms="0" started-at="2024-06-29T21:36:46Z" finished-at="2024-06-29T21:36:46Z">
          <reporter-output>
          </reporter-output>
        </test-method> <!-- testPasswordLengthIsTen -->
        <test-method status="PASS" signature="testPasswordLengthIsTen()[pri:0, instance:com.example.AppTest@2ff95fc6]" name="testPasswordLengthIsTen" duration-ms="0" started-at="2024-06-29T21:36:46Z" finished-at="2024-06-29T21:36:46Z">
          <reporter-output>
          </reporter-output>
        </test-method> <!-- testPasswordLengthIsTen -->
        <test-method status="PASS" signature="testPasswordLengthIsTen()[pri:0, instance:com.example.AppTest@2ff95fc6]" name="testPasswordLengthIsTen" duration-ms="1" started-at="2024-06-29T21:36:46Z" finished-at="2024-06-29T21:36:46Z">
          <reporter-output>
          </reporter-output>
        </test-method> <!-- testPasswordLengthIsTen -->
        <test-method status="PASS" signature="testPasswordLengthIsTen()[pri:0, instance:com.example.AppTest@2ff95fc6]" name="testPasswordLengthIsTen" duration-ms="0" started-at="2024-06-29T21:36:46Z" finished-at="2024-06-29T21:36:46Z">
          <reporter-output>
          </reporter-output>
        </test-method> <!-- testPasswordLengthIsTen -->
        <test-method status="PASS" signature="testPasswordLengthIsTen()[pri:0, instance:com.example.AppTest@2ff95fc6]" name="testPasswordLengthIsTen" duration-ms="0" started-at="2024-06-29T21:36:46Z" finished-at="2024-06-29T21:36:46Z">
          <reporter-output>
          </reporter-output>
        </test-method> <!-- testPasswordLengthIsTen -->
        <test-method status="PASS" signature="testPasswordLengthIsTen()[pri:0, instance:com.example.AppTest@2ff95fc6]" name="testPasswordLengthIsTen" duration-ms="0" started-at="2024-06-29T21:36:46Z" finished-at="2024-06-29T21:36:46Z">
          <reporter-output>
          </reporter-output>
        </test-method> <!-- testPasswordLengthIsTen -->
        <test-method status="PASS" signature="testPasswordLengthIsTen()[pri:0, instance:com.example.AppTest@2ff95fc6]" name="testPasswordLengthIsTen" duration-ms="0" started-at="2024-06-29T21:36:46Z" finished-at="2024-06-29T21:36:46Z">
          <reporter-output>
          </reporter-output>
        </test-method> <!-- testPasswordLengthIsTen -->
        <test-method status="PASS" signature="testPasswordLengthIsTen()[pri:0, instance:com.example.AppTest@2ff95fc6]" name="testPasswordLengthIsTen" duration-ms="0" started-at="2024-06-29T21:36:46Z" finished-at="2024-06-29T21:36:46Z">
          <reporter-output>
          </reporter-output>
        </test-method> <!-- testPasswordLengthIsTen -->
        <test-method status="PASS" signature="testPasswordLengthIsTen()[pri:0, instance:com.example.AppTest@2ff95fc6]" name="testPasswordLengthIsTen" duration-ms="0" started-at="2024-06-29T21:36:46Z" finished-at="2024-06-29T21:36:46Z">
          <reporter-output>
          </reporter-output>
        </test-method> <!-- testPasswordLengthIsTen -->
        <test-method status="PASS" signature="testPasswordLengthIsTen()[pri:0, instance:com.example.AppTest@2ff95fc6]" name="testPasswordLengthIsTen" duration-ms="0" started-at="2024-06-29T21:36:46Z" finished-at="2024-06-29T21:36:46Z">
          <reporter-output>
          </reporter-output>
        </test-method> <!-- testPasswordLengthIsTen -->
        <test-method status="PASS" signature="testPasswordLengthIsTen()[pri:0, instance:com.example.AppTest@2ff95fc6]" name="testPasswordLengthIsTen" duration-ms="0" started-at="2024-06-29T21:36:46Z" finished-at="2024-06-29T21:36:46Z">
          <reporter-output>
          </reporter-output>
        </test-method> <!-- testPasswordLengthIsTen -->
        <test-method status="PASS" signature="testPasswordLengthIsTen()[pri:0, instance:com.example.AppTest@2ff95fc6]" name="testPasswordLengthIsTen" duration-ms="0" started-at="2024-06-29T21:36:46Z" finished-at="2024-06-29T21:36:46Z">
          <reporter-output>
          </reporter-output>
        </test-method> <!-- testPasswordLengthIsTen -->
        <test-method status="PASS" signature="testPasswordLengthIsTen()[pri:0, instance:com.example.AppTest@2ff95fc6]" name="testPasswordLengthIsTen" duration-ms="0" started-at="2024-06-29T21:36:46Z" finished-at="2024-06-29T21:36:46Z">
          <reporter-output>
          </reporter-output>
        </test-method> <!-- testPasswordLengthIsTen -->
        <test-method status="PASS" signature="testPasswordLengthIsTen()[pri:0, instance:com.example.AppTest@2ff95fc6]" name="testPasswordLengthIsTen" duration-ms="0" started-at="2024-06-29T21:36:46Z" finished-at="2024-06-29T21:36:46Z">
          <reporter-output>
          </reporter-output>
        </test-method> <!-- testPasswordLengthIsTen -->
        <test-method status="PASS" signature="testPasswordLengthIsTen()[pri:0, instance:com.example.AppTest@2ff95fc6]" name="testPasswordLengthIsTen" duration-ms="0" started-at="2024-06-29T21:36:46Z" finished-at="2024-06-29T21:36:46Z">
          <reporter-output>
          </reporter-output>
        </test-method> <!-- testPasswordLengthIsTen -->
        <test-method status="PASS" signature="testPasswordLengthIsTen()[pri:0, instance:com.example.AppTest@2ff95fc6]" name="testPasswordLengthIsTen" duration-ms="0" started-at="2024-06-29T21:36:46Z" finished-at="2024-06-29T21:36:46Z">
          <reporter-output>
          </reporter-output>
        </test-method> <!-- testPasswordLengthIsTen -->
        <test-method status="PASS" signature="testPasswordLengthIsTen()[pri:0, instance:com.example.AppTest@2ff95fc6]" name="testPasswordLengthIsTen" duration-ms="0" started-at="2024-06-29T21:36:46Z" finished-at="2024-06-29T21:36:46Z">
          <reporter-output>
          </reporter-output>
        </test-method> <!-- testPasswordLengthIsTen -->
        <test-method status="PASS" signature="testPasswordLengthIsTen()[pri:0, instance:com.example.AppTest@2ff95fc6]" name="testPasswordLengthIsTen" duration-ms="1" started-at="2024-06-29T21:36:46Z" finished-at="2024-06-29T21:36:46Z">
          <reporter-output>
          </reporter-output>
        </test-method> <!-- testPasswordLengthIsTen -->
        <test-method status="PASS" signature="testPasswordLengthIsTen()[pri:0, instance:com.example.AppTest@2ff95fc6]" name="testPasswordLengthIsTen" duration-ms="1" started-at="2024-06-29T21:36:46Z" finished-at="2024-06-29T21:36:46Z">
          <reporter-output>
          </reporter-output>
        </test-method> <!-- testPasswordLengthIsTen -->
        <test-method status="PASS" signature="testPasswordLengthIsTen()[pri:0, instance:com.example.AppTest@2ff95fc6]" name="testPasswordLengthIsTen" duration-ms="0" started-at="2024-06-29T21:36:46Z" finished-at="2024-06-29T21:36:46Z">
          <reporter-output>
          </reporter-output>
        </test-method> <!-- testPasswordLengthIsTen -->
        <test-method status="PASS" signature="testPasswordLengthIsTen()[pri:0, instance:com.example.AppTest@2ff95fc6]" name="testPasswordLengthIsTen" duration-ms="0" started-at="2024-06-29T21:36:46Z" finished-at="2024-06-29T21:36:46Z">
          <reporter-output>
          </reporter-output>
        </test-method> <!-- testPasswordLengthIsTen -->
        <test-method status="PASS" signature="testPasswordLengthIsTen()[pri:0, instance:com.example.AppTest@2ff95fc6]" name="testPasswordLengthIsTen" duration-ms="0" started-at="2024-06-29T21:36:46Z" finished-at="2024-06-29T21:36:46Z">
          <reporter-output>
          </reporter-output>
        </test-method> <!-- testPasswordLengthIsTen -->
        <test-method status="PASS" signature="testPasswordLengthIsTen()[pri:0, instance:com.example.AppTest@2ff95fc6]" name="testPasswordLengthIsTen" duration-ms="0" started-at="2024-06-29T21:36:46Z" finished-at="2024-06-29T21:36:46Z">
          <reporter-output>
          </reporter-output>
        </test-method> <!-- testPasswordLengthIsTen -->
        <test-method status="PASS" signature="testPasswordLengthIsTen()[pri:0, instance:com.example.AppTest@2ff95fc6]" name="testPasswordLengthIsTen" duration-ms="1" started-at="2024-06-29T21:36:46Z" finished-at="2024-06-29T21:36:46Z">
          <reporter-output>
          </reporter-output>
        </test-method> <!-- testPasswordLengthIsTen -->
        <test-method status="PASS" signature="testPasswordLengthIsTen()[pri:0, instance:com.example.AppTest@2ff95fc6]" name="testPasswordLengthIsTen" duration-ms="0" started-at="2024-06-29T21:36:46Z" finished-at="2024-06-29T21:36:46Z">
          <reporter-output>
          </reporter-output>
        </test-method> <!-- testPasswordLengthIsTen -->
        <test-method status="PASS" signature="testPasswordLengthIsTen()[pri:0, instance:com.example.AppTest@2ff95fc6]" name="testPasswordLengthIsTen" duration-ms="0" started-at="2024-06-29T21:36:46Z" finished-at="2024-06-29T21:36:46Z">
          <reporter-output>
          </reporter-output>
        </test-method> <!-- testPasswordLengthIsTen -->
        <test-method status="PASS" signature="testPasswordLengthIsTen()[pri:0, instance:com.example.AppTest@2ff95fc6]" name="testPasswordLengthIsTen" duration-ms="0" started-at="2024-06-29T21:36:46Z" finished-at="2024-06-29T21:36:46Z">
          <reporter-output>
          </reporter-output>
        </test-method> <!-- testPasswordLengthIsTen -->
        <test-method status="PASS" signature="testPasswordLengthIsTen()[pri:0, instance:com.example.AppTest@2ff95fc6]" name="testPasswordLengthIsTen" duration-ms="0" started-at="2024-06-29T21:36:46Z" finished-at="2024-06-29T21:36:46Z">
          <reporter-output>
          </reporter-output>
        </test-method> <!-- testPasswordLengthIsTen -->
        <test-method status="PASS" signature="testPasswordLengthIsTen()[pri:0, instance:com.example.AppTest@2ff95fc6]" name="testPasswordLengthIsTen" duration-ms="1" started-at="2024-06-29T21:36:46Z" finished-at="2024-06-29T21:36:46Z">
          <reporter-output>
          </reporter-output>
        </test-method> <!-- testPasswordLengthIsTen -->
        <test-method status="PASS" signature="testPasswordLengthIsTen()[pri:0, instance:com.example.AppTest@2ff95fc6]" name="testPasswordLengthIsTen" duration-ms="0" started-at="2024-06-29T21:36:46Z" finished-at="2024-06-29T21:36:46Z">
          <reporter-output>
          </reporter-output>
        </test-method> <!-- testPasswordLengthIsTen -->
        <test-method status="PASS" signature="testPasswordLengthIsTen()[pri:0, instance:com.example.AppTest@2ff95fc6]" name="testPasswordLengthIsTen" duration-ms="0" started-at="2024-06-29T21:36:46Z" finished-at="2024-06-29T21:36:46Z">
          <reporter-output>
          </reporter-output>
        </test-method> <!-- testPasswordLengthIsTen -->
        <test-method status="PASS" signature="testPasswordLengthIsTen()[pri:0, instance:com.example.AppTest@2ff95fc6]" name="testPasswordLengthIsTen" duration-ms="0" started-at="2024-06-29T21:36:46Z" finished-at="2024-06-29T21:36:46Z">
          <reporter-output>
          </reporter-output>
        </test-method> <!-- testPasswordLengthIsTen -->
        <test-method status="PASS" signature="testPasswordLengthIsTen()[pri:0, instance:com.example.AppTest@2ff95fc6]" name="testPasswordLengthIsTen" duration-ms="0" started-at="2024-06-29T21:36:46Z" finished-at="2024-06-29T21:36:46Z">
          <reporter-output>
          </reporter-output>
        </test-method> <!-- testPasswordLengthIsTen -->
      </class> <!-- com.example.AppTest -->
    </test> <!-- Surefire test -->
  </suite> <!-- Surefire suite -->
</testng-results>
